This is pdfTeX, Version 3.14159265-2.6-1.40.20 (TeX Live 2019) (preloaded format=pdflatex 2019.5.8)  4 FEB 2020 18:03
entering extended mode
 restricted \write18 enabled.
 file:line:error style messages enabled.
 %&-line parsing enabled.
**"Jenkins - PACs and Small Donations.tex"
(./Jenkins - PACs and Small Donations.tex
LaTeX2e <2018-12-01>
(/usr/local/texlive/2019/texmf-dist/tex/latex/base/article.cls
Document Class: article 2018/09/03 v1.4i Standard LaTeX document class
(/usr/local/texlive/2019/texmf-dist/tex/latex/base/size12.clo
File: size12.clo 2018/09/03 v1.4i Standard LaTeX file (size option)
)
\c@part=\count80
\c@section=\count81
\c@subsection=\count82
\c@subsubsection=\count83
\c@paragraph=\count84
\c@subparagraph=\count85
\c@figure=\count86
\c@table=\count87
\abovecaptionskip=\skip41
\belowcaptionskip=\skip42
\bibindent=\dimen102
) (/usr/local/texlive/2019/texmf-dist/tex/latex/base/inputenc.sty
Package: inputenc 2018/08/11 v1.3c Input encoding file
\inpenc@prehook=\toks14
\inpenc@posthook=\toks15
) (/usr/local/texlive/2019/texmf-dist/tex/latex/hyperref/hyperref.sty
Package: hyperref 2018/11/30 v6.88e Hypertext links for LaTeX
 (/usr/local/texlive/2019/texmf-dist/tex/generic/oberdiek/hobsub-hyperref.sty
Package: hobsub-hyperref 2016/05/16 v1.14 Bundle oberdiek, subset hyperref (HO)
 (/usr/local/texlive/2019/texmf-dist/tex/generic/oberdiek/hobsub-generic.sty
Package: hobsub-generic 2016/05/16 v1.14 Bundle oberdiek, subset generic (HO)
Package: hobsub 2016/05/16 v1.14 Construct package bundles (HO)
Package: infwarerr 2016/05/16 v1.4 Providing info/warning/error messages (HO)
Package: ltxcmds 2016/05/16 v1.23 LaTeX kernel commands for general use (HO)
Package: ifluatex 2016/05/16 v1.4 Provides the ifluatex switch (HO)
Package ifluatex Info: LuaTeX not detected.
Package: ifvtex 2016/05/16 v1.6 Detect VTeX and its facilities (HO)
Package ifvtex Info: VTeX not detected.
Package: intcalc 2016/05/16 v1.2 Expandable calculations with integers (HO)
Package: ifpdf 2018/09/07 v3.3 Provides the ifpdf switch
Package: etexcmds 2016/05/16 v1.6 Avoid name clashes with e-TeX commands (HO)
Package: kvsetkeys 2016/05/16 v1.17 Key value parser (HO)
Package: kvdefinekeys 2016/05/16 v1.4 Define keys (HO)
Package: pdftexcmds 2018/09/10 v0.29 Utility functions of pdfTeX for LuaTeX (HO)
Package pdftexcmds Info: LuaTeX not detected.
Package pdftexcmds Info: \pdf@primitive is available.
Package pdftexcmds Info: \pdf@ifprimitive is available.
Package pdftexcmds Info: \pdfdraftmode found.
Package: pdfescape 2016/05/16 v1.14 Implements pdfTeX's escape features (HO)
Package: bigintcalc 2016/05/16 v1.4 Expandable calculations on big integers (HO)
Package: bitset 2016/05/16 v1.2 Handle bit-vector datatype (HO)
Package: uniquecounter 2016/05/16 v1.3 Provide unlimited unique counter (HO)
)
Package hobsub Info: Skipping package `hobsub' (already loaded).
Package: letltxmacro 2016/05/16 v1.5 Let assignment for LaTeX macros (HO)
Package: hopatch 2016/05/16 v1.3 Wrapper for package hooks (HO)
Package: xcolor-patch 2016/05/16 xcolor patch
Package: atveryend 2016/05/16 v1.9 Hooks at the very end of document (HO)
Package atveryend Info: \enddocument detected (standard20110627).
Package: atbegshi 2016/06/09 v1.18 At begin shipout hook (HO)
Package: refcount 2016/05/16 v3.5 Data extraction from label references (HO)
Package: hycolor 2016/05/16 v1.8 Color options for hyperref/bookmark (HO)
) (/usr/local/texlive/2019/texmf-dist/tex/latex/graphics/keyval.sty
Package: keyval 2014/10/28 v1.15 key=value parser (DPC)
\KV@toks@=\toks16
) (/usr/local/texlive/2019/texmf-dist/tex/generic/ifxetex/ifxetex.sty
Package: ifxetex 2010/09/12 v0.6 Provides ifxetex conditional
) (/usr/local/texlive/2019/texmf-dist/tex/latex/oberdiek/auxhook.sty
Package: auxhook 2016/05/16 v1.4 Hooks for auxiliary files (HO)
) (/usr/local/texlive/2019/texmf-dist/tex/latex/oberdiek/kvoptions.sty
Package: kvoptions 2016/05/16 v3.12 Key value format for package options (HO)
)
\@linkdim=\dimen103
\Hy@linkcounter=\count88
\Hy@pagecounter=\count89
 (/usr/local/texlive/2019/texmf-dist/tex/latex/hyperref/pd1enc.def
File: pd1enc.def 2018/11/30 v6.88e Hyperref: PDFDocEncoding definition (HO)
Now handling font encoding PD1 ...
... no UTF-8 mapping file for font encoding PD1
)
\Hy@SavedSpaceFactor=\count90
 (/usr/local/texlive/2019/texmf-dist/tex/latex/latexconfig/hyperref.cfg
File: hyperref.cfg 2002/06/06 v1.2 hyperref configuration of TeXLive
)
Package hyperref Info: Hyper figures OFF on input line 4519.
Package hyperref Info: Link nesting OFF on input line 4524.
Package hyperref Info: Hyper index ON on input line 4527.
Package hyperref Info: Plain pages OFF on input line 4534.
Package hyperref Info: Backreferencing OFF on input line 4539.
Package hyperref Info: Implicit mode ON; LaTeX internals redefined.
Package hyperref Info: Bookmarks ON on input line 4772.
\c@Hy@tempcnt=\count91
 (/usr/local/texlive/2019/texmf-dist/tex/latex/url/url.sty
\Urlmuskip=\muskip10
Package: url 2013/09/16  ver 3.4  Verb mode for urls, etc.
)
LaTeX Info: Redefining \url on input line 5125.
\XeTeXLinkMargin=\dimen104
\Fld@menulength=\count92
\Field@Width=\dimen105
\Fld@charsize=\dimen106
Package hyperref Info: Hyper figures OFF on input line 6380.
Package hyperref Info: Link nesting OFF on input line 6385.
Package hyperref Info: Hyper index ON on input line 6388.
Package hyperref Info: backreferencing OFF on input line 6395.
Package hyperref Info: Link coloring OFF on input line 6400.
Package hyperref Info: Link coloring with OCG OFF on input line 6405.
Package hyperref Info: PDF/A mode OFF on input line 6410.
LaTeX Info: Redefining \ref on input line 6450.
LaTeX Info: Redefining \pageref on input line 6454.
\Hy@abspage=\count93
\c@Item=\count94
\c@Hfootnote=\count95
)
Package hyperref Info: Driver (autodetected): hpdftex.
 (/usr/local/texlive/2019/texmf-dist/tex/latex/hyperref/hpdftex.def
File: hpdftex.def 2018/11/30 v6.88e Hyperref driver for pdfTeX
\Fld@listcount=\count96
\c@bookmark@seq@number=\count97
 (/usr/local/texlive/2019/texmf-dist/tex/latex/oberdiek/rerunfilecheck.sty
Package: rerunfilecheck 2016/05/16 v1.8 Rerun checks for auxiliary files (HO)
Package uniquecounter Info: New unique counter `rerunfilecheck' on input line 282.
)
\Hy@SectionHShift=\skip43
) (/usr/local/texlive/2019/texmf-dist/tex/latex/setspace/setspace.sty
Package: setspace 2011/12/19 v6.7a set line spacing
) (/usr/local/texlive/2019/texmf-dist/tex/latex/geometry/geometry.sty
Package: geometry 2018/04/16 v5.8 Page Geometry
\Gm@cnth=\count98
\Gm@cntv=\count99
\c@Gm@tempcnt=\count100
\Gm@bindingoffset=\dimen107
\Gm@wd@mp=\dimen108
\Gm@odd@mp=\dimen109
\Gm@even@mp=\dimen110
\Gm@layoutwidth=\dimen111
\Gm@layoutheight=\dimen112
\Gm@layouthoffset=\dimen113
\Gm@layoutvoffset=\dimen114
\Gm@dimlist=\toks17
) (/usr/local/texlive/2019/texmf-dist/tex/latex/xcolor/xcolor.sty
Package: xcolor 2016/05/11 v2.12 LaTeX color extensions (UK)
 (/usr/local/texlive/2019/texmf-dist/tex/latex/graphics-cfg/color.cfg
File: color.cfg 2016/01/02 v1.6 sample color configuration
)
Package xcolor Info: Driver file: pdftex.def on input line 225.
 (/usr/local/texlive/2019/texmf-dist/tex/latex/graphics-def/pdftex.def
File: pdftex.def 2018/01/08 v1.0l Graphics/color driver for pdftex
)
Package xcolor Info: Model `cmy' substituted by `cmy0' on input line 1348.
Package xcolor Info: Model `hsb' substituted by `rgb' on input line 1352.
Package xcolor Info: Model `RGB' extended on input line 1364.
Package xcolor Info: Model `HTML' substituted by `rgb' on input line 1366.
Package xcolor Info: Model `Hsb' substituted by `hsb' on input line 1367.
Package xcolor Info: Model `tHsb' substituted by `hsb' on input line 1368.
Package xcolor Info: Model `HSB' substituted by `hsb' on input line 1369.
Package xcolor Info: Model `Gray' substituted by `gray' on input line 1370.
Package xcolor Info: Model `wave' substituted by `hsb' on input line 1371.
 (/usr/local/texlive/2019/texmf-dist/tex/latex/graphics/dvipsnam.def
File: dvipsnam.def 2016/06/17 v3.0m Driver-dependent file (DPC,SPQR)
)) (/usr/local/texlive/2019/texmf-dist/tex/latex/oberdiek/bookmark.sty
Package: bookmark 2016/05/17 v1.26 PDF bookmarks (HO)
 (/usr/local/texlive/2019/texmf-dist/tex/latex/oberdiek/bkm-pdftex.def
File: bkm-pdftex.def 2016/05/17 v1.26 bookmark driver for pdfTeX (HO)
\BKM@id=\count101
)) (/usr/local/texlive/2019/texmf-dist/tex/generic/babel/babel.sty
Package: babel 2019/05/04 3.31 The Babel package
 (/usr/local/texlive/2019/texmf-dist/tex/generic/babel/switch.def
File: switch.def 2019/05/04 3.31 Babel switching mechanism
) (/usr/local/texlive/2019/texmf-dist/tex/generic/babel-english/english.ldf
Language: english 2017/06/06 v3.3r English support from the babel system
 (/usr/local/texlive/2019/texmf-dist/tex/generic/babel/babel.def
File: babel.def 2019/05/04 3.31 Babel common definitions
\babel@savecnt=\count102
\U@D=\dimen115
 (/usr/local/texlive/2019/texmf-dist/tex/generic/babel/txtbabel.def)
\bbl@dirlevel=\count103
)
\l@canadian = a dialect from \language\l@american 
\l@australian = a dialect from \language\l@british 
\l@newzealand = a dialect from \language\l@british 
)) (/usr/local/texlive/2019/texmf-dist/tex/latex/csquotes/csquotes.sty
Package: csquotes 2018/04/13 v5.2d context-sensitive quotations (JAW)
 (/usr/local/texlive/2019/texmf-dist/tex/latex/etoolbox/etoolbox.sty
Package: etoolbox 2018/08/19 v2.5f e-TeX tools for LaTeX (JAW)
\etb@tempcnta=\count104
)
\csq@reset=\count105
\csq@gtype=\count106
\csq@glevel=\count107
\csq@qlevel=\count108
\csq@maxlvl=\count109
\csq@tshold=\count110
\csq@ltx@everypar=\toks18

(/usr/local/texlive/2019/texmf-dist/tex/latex/csquotes/csquotes.def
File: csquotes.def 2018/04/13 v5.2d csquotes generic definitions (JAW)
)
Package csquotes Info: Trying to load configuration file 'csquotes.cfg'...
Package csquotes Info: ... configuration file loaded successfully.
 (/usr/local/texlive/2019/texmf-dist/tex/latex/csquotes/csquotes.cfg
File: csquotes.cfg 
)) (/usr/local/texlive/2019/texmf-dist/tex/latex/fancyhdr/fancyhdr.sty
Package: fancyhdr 2019/01/31 v3.10 Extensive control of page headers and footers
\f@nch@headwidth=\skip44
\f@nch@O@elh=\skip45
\f@nch@O@erh=\skip46
\f@nch@O@olh=\skip47
\f@nch@O@orh=\skip48
\f@nch@O@elf=\skip49
\f@nch@O@erf=\skip50
\f@nch@O@olf=\skip51
\f@nch@O@orf=\skip52
) (/usr/local/texlive/2019/texmf-dist/tex/latex/footmisc/footmisc.sty
Package: footmisc 2011/06/06 v5.5b a miscellany of footnote facilities
\FN@temptoken=\toks19
\footnotemargin=\dimen116
\FN@tempboxb=\box27
\FN@tempboxc=\box28
\footglue=\skip53
\footnotebaselineskip=\dimen117
\c@pp@next@reset=\count111
Package footmisc Info: Declaring symbol style bringhurst on input line 855.
Package footmisc Info: Declaring symbol style chicago on input line 863.
Package footmisc Info: Declaring symbol style wiley on input line 872.
Package footmisc Info: Declaring symbol style lamport-robust on input line 883.
Package footmisc Info: Declaring symbol style lamport* on input line 903.
Package footmisc Info: Declaring symbol style lamport*-robust on input line 924.
) (/usr/local/texlive/2019/texmf-dist/tex/latex/mdwtools/footnote.sty
Package: footnote 1997/01/28 1.13 Save footnotes around boxes
\fn@notes=\box29
\fn@width=\dimen118
) (/usr/local/texlive/2019/texmf-dist/tex/latex/appendix/appendix.sty
Package: appendix 2009/09/02 v1.2b extra appendix facilities
\c@@pps=\count112
\c@@ppsavesec=\count113
\c@@ppsaveapp=\count114
) (/usr/local/texlive/2019/texmf-dist/tex/latex/pgf/frontendlayer/tikz.sty (/usr/local/texlive/2019/texmf-dist/tex/latex/pgf/basiclayer/pgf.sty (/usr/local/texlive/2019/texmf-dist/tex/latex/pgf/utilities/pgfrcs.sty (/usr/local/texlive/2019/texmf-dist/tex/generic/pgf/utilities/pgfutil-common.tex
\pgfutil@everybye=\toks20
\pgfutil@tempdima=\dimen119
\pgfutil@tempdimb=\dimen120
 (/usr/local/texlive/2019/texmf-dist/tex/generic/pgf/utilities/pgfutil-common-lists.tex)) (/usr/local/texlive/2019/texmf-dist/tex/generic/pgf/utilities/pgfutil-latex.def
\pgfutil@abb=\box30
 (/usr/local/texlive/2019/texmf-dist/tex/latex/ms/everyshi.sty
Package: everyshi 2001/05/15 v3.00 EveryShipout Package (MS)
)) (/usr/local/texlive/2019/texmf-dist/tex/generic/pgf/utilities/pgfrcs.code.tex (/usr/local/texlive/2019/texmf-dist/tex/generic/pgf/pgf.revision.tex)
Package: pgfrcs 2019/04/04 v3.1.2 (3.1.2)
))
Package: pgf 2019/04/04 v3.1.2 (3.1.2)
 (/usr/local/texlive/2019/texmf-dist/tex/latex/pgf/basiclayer/pgfcore.sty (/usr/local/texlive/2019/texmf-dist/tex/latex/graphics/graphicx.sty
Package: graphicx 2017/06/01 v1.1a Enhanced LaTeX Graphics (DPC,SPQR)
 (/usr/local/texlive/2019/texmf-dist/tex/latex/graphics/graphics.sty
Package: graphics 2017/06/25 v1.2c Standard LaTeX Graphics (DPC,SPQR)
 (/usr/local/texlive/2019/texmf-dist/tex/latex/graphics/trig.sty
Package: trig 2016/01/03 v1.10 sin cos tan (DPC)
) (/usr/local/texlive/2019/texmf-dist/tex/latex/graphics-cfg/graphics.cfg
File: graphics.cfg 2016/06/04 v1.11 sample graphics configuration
)
Package graphics Info: Driver file: pdftex.def on input line 99.
)
\Gin@req@height=\dimen121
\Gin@req@width=\dimen122
) (/usr/local/texlive/2019/texmf-dist/tex/latex/pgf/systemlayer/pgfsys.sty (/usr/local/texlive/2019/texmf-dist/tex/generic/pgf/systemlayer/pgfsys.code.tex
Package: pgfsys 2019/04/04 v3.1.2 (3.1.2)
 (/usr/local/texlive/2019/texmf-dist/tex/generic/pgf/utilities/pgfkeys.code.tex
\pgfkeys@pathtoks=\toks21
\pgfkeys@temptoks=\toks22
 (/usr/local/texlive/2019/texmf-dist/tex/generic/pgf/utilities/pgfkeysfiltered.code.tex
\pgfkeys@tmptoks=\toks23
))
\pgf@x=\dimen123
\pgf@y=\dimen124
\pgf@xa=\dimen125
\pgf@ya=\dimen126
\pgf@xb=\dimen127
\pgf@yb=\dimen128
\pgf@xc=\dimen129
\pgf@yc=\dimen130
\w@pgf@writea=\write3
\r@pgf@reada=\read1
\c@pgf@counta=\count115
\c@pgf@countb=\count116
\c@pgf@countc=\count117
\c@pgf@countd=\count118
\t@pgf@toka=\toks24
\t@pgf@tokb=\toks25
\t@pgf@tokc=\toks26
\pgf@sys@id@count=\count119
 (/usr/local/texlive/2019/texmf-dist/tex/generic/pgf/systemlayer/pgf.cfg
File: pgf.cfg 2019/04/04 v3.1.2 (3.1.2)
)
Driver file for pgf: pgfsys-pdftex.def
 (/usr/local/texlive/2019/texmf-dist/tex/generic/pgf/systemlayer/pgfsys-pdftex.def
File: pgfsys-pdftex.def 2019/04/04 v3.1.2 (3.1.2)
 (/usr/local/texlive/2019/texmf-dist/tex/generic/pgf/systemlayer/pgfsys-common-pdf.def
File: pgfsys-common-pdf.def 2019/04/04 v3.1.2 (3.1.2)
)))
(/usr/local/texlive/2019/texmf-dist/tex/generic/pgf/systemlayer/pgfsyssoftpath.code.tex
File: pgfsyssoftpath.code.tex 2019/04/04 v3.1.2 (3.1.2)
\pgfsyssoftpath@smallbuffer@items=\count120
\pgfsyssoftpath@bigbuffer@items=\count121
) (/usr/local/texlive/2019/texmf-dist/tex/generic/pgf/systemlayer/pgfsysprotocol.code.tex
File: pgfsysprotocol.code.tex 2019/04/04 v3.1.2 (3.1.2)
)) (/usr/local/texlive/2019/texmf-dist/tex/generic/pgf/basiclayer/pgfcore.code.tex
Package: pgfcore 2019/04/04 v3.1.2 (3.1.2)
 (/usr/local/texlive/2019/texmf-dist/tex/generic/pgf/math/pgfmath.code.tex (/usr/local/texlive/2019/texmf-dist/tex/generic/pgf/math/pgfmathcalc.code.tex (/usr/local/texlive/2019/texmf-dist/tex/generic/pgf/math/pgfmathutil.code.tex) (/usr/local/texlive/2019/texmf-dist/tex/generic/pgf/math/pgfmathparser.code.tex
\pgfmath@dimen=\dimen131
\pgfmath@count=\count122
\pgfmath@box=\box31
\pgfmath@toks=\toks27
\pgfmath@stack@operand=\toks28
\pgfmath@stack@operation=\toks29
) (/usr/local/texlive/2019/texmf-dist/tex/generic/pgf/math/pgfmathfunctions.code.tex (/usr/local/texlive/2019/texmf-dist/tex/generic/pgf/math/pgfmathfunctions.basic.code.tex) (/usr/local/texlive/2019/texmf-dist/tex/generic/pgf/math/pgfmathfunctions.trigonometric.code.tex) (/usr/local/texlive/2019/texmf-dist/tex/generic/pgf/math/pgfmathfunctions.random.code.tex) (/usr/local/texlive/2019/texmf-dist/tex/generic/pgf/math/pgfmathfunctions.comparison.code.tex) (/usr/local/texlive/2019/texmf-dist/tex/generic/pgf/math/pgfmathfunctions.base.code.tex) (/usr/local/texlive/2019/texmf-dist/tex/generic/pgf/math/pgfmathfunctions.round.code.tex) (/usr/local/texlive/2019/texmf-dist/tex/generic/pgf/math/pgfmathfunctions.misc.code.tex) (/usr/local/texlive/2019/texmf-dist/tex/generic/pgf/math/pgfmathfunctions.integerarithmetics.code.tex))) (/usr/local/texlive/2019/texmf-dist/tex/generic/pgf/math/pgfmathfloat.code.tex
\c@pgfmathroundto@lastzeros=\count123
)) (/usr/local/texlive/2019/texmf-dist/tex/generic/pgf/basiclayer/pgfcorepoints.code.tex
File: pgfcorepoints.code.tex 2019/04/04 v3.1.2 (3.1.2)
\pgf@picminx=\dimen132
\pgf@picmaxx=\dimen133
\pgf@picminy=\dimen134
\pgf@picmaxy=\dimen135
\pgf@pathminx=\dimen136
\pgf@pathmaxx=\dimen137
\pgf@pathminy=\dimen138
\pgf@pathmaxy=\dimen139
\pgf@xx=\dimen140
\pgf@xy=\dimen141
\pgf@yx=\dimen142
\pgf@yy=\dimen143
\pgf@zx=\dimen144
\pgf@zy=\dimen145
) (/usr/local/texlive/2019/texmf-dist/tex/generic/pgf/basiclayer/pgfcorepathconstruct.code.tex
File: pgfcorepathconstruct.code.tex 2019/04/04 v3.1.2 (3.1.2)
\pgf@path@lastx=\dimen146
\pgf@path@lasty=\dimen147
) (/usr/local/texlive/2019/texmf-dist/tex/generic/pgf/basiclayer/pgfcorepathusage.code.tex
File: pgfcorepathusage.code.tex 2019/04/04 v3.1.2 (3.1.2)
\pgf@shorten@end@additional=\dimen148
\pgf@shorten@start@additional=\dimen149
) (/usr/local/texlive/2019/texmf-dist/tex/generic/pgf/basiclayer/pgfcorescopes.code.tex
File: pgfcorescopes.code.tex 2019/04/04 v3.1.2 (3.1.2)
\pgfpic=\box32
\pgf@hbox=\box33
\pgf@layerbox@main=\box34
\pgf@picture@serial@count=\count124
) (/usr/local/texlive/2019/texmf-dist/tex/generic/pgf/basiclayer/pgfcoregraphicstate.code.tex
File: pgfcoregraphicstate.code.tex 2019/04/04 v3.1.2 (3.1.2)
\pgflinewidth=\dimen150
) (/usr/local/texlive/2019/texmf-dist/tex/generic/pgf/basiclayer/pgfcoretransformations.code.tex
File: pgfcoretransformations.code.tex 2019/04/04 v3.1.2 (3.1.2)
\pgf@pt@x=\dimen151
\pgf@pt@y=\dimen152
\pgf@pt@temp=\dimen153
)
(/usr/local/texlive/2019/texmf-dist/tex/generic/pgf/basiclayer/pgfcorequick.code.tex
File: pgfcorequick.code.tex 2019/04/04 v3.1.2 (3.1.2)
) (/usr/local/texlive/2019/texmf-dist/tex/generic/pgf/basiclayer/pgfcoreobjects.code.tex
File: pgfcoreobjects.code.tex 2019/04/04 v3.1.2 (3.1.2)
) (/usr/local/texlive/2019/texmf-dist/tex/generic/pgf/basiclayer/pgfcorepathprocessing.code.tex
File: pgfcorepathprocessing.code.tex 2019/04/04 v3.1.2 (3.1.2)
) (/usr/local/texlive/2019/texmf-dist/tex/generic/pgf/basiclayer/pgfcorearrows.code.tex
File: pgfcorearrows.code.tex 2019/04/04 v3.1.2 (3.1.2)
\pgfarrowsep=\dimen154
) (/usr/local/texlive/2019/texmf-dist/tex/generic/pgf/basiclayer/pgfcoreshade.code.tex
File: pgfcoreshade.code.tex 2019/04/04 v3.1.2 (3.1.2)
\pgf@max=\dimen155
\pgf@sys@shading@range@num=\count125
\pgf@shadingcount=\count126
) (/usr/local/texlive/2019/texmf-dist/tex/generic/pgf/basiclayer/pgfcoreimage.code.tex
File: pgfcoreimage.code.tex 2019/04/04 v3.1.2 (3.1.2)
 (/usr/local/texlive/2019/texmf-dist/tex/generic/pgf/basiclayer/pgfcoreexternal.code.tex
File: pgfcoreexternal.code.tex 2019/04/04 v3.1.2 (3.1.2)
\pgfexternal@startupbox=\box35
)) (/usr/local/texlive/2019/texmf-dist/tex/generic/pgf/basiclayer/pgfcorelayers.code.tex
File: pgfcorelayers.code.tex 2019/04/04 v3.1.2 (3.1.2)
) (/usr/local/texlive/2019/texmf-dist/tex/generic/pgf/basiclayer/pgfcoretransparency.code.tex
File: pgfcoretransparency.code.tex 2019/04/04 v3.1.2 (3.1.2)
) (/usr/local/texlive/2019/texmf-dist/tex/generic/pgf/basiclayer/pgfcorepatterns.code.tex
File: pgfcorepatterns.code.tex 2019/04/04 v3.1.2 (3.1.2)
) (/usr/local/texlive/2019/texmf-dist/tex/generic/pgf/basiclayer/pgfcorerdf.code.tex
File: pgfcorerdf.code.tex 2019/04/04 v3.1.2 (3.1.2)
))) (/usr/local/texlive/2019/texmf-dist/tex/generic/pgf/modules/pgfmoduleshapes.code.tex
File: pgfmoduleshapes.code.tex 2019/04/04 v3.1.2 (3.1.2)
\pgfnodeparttextbox=\box36
) (/usr/local/texlive/2019/texmf-dist/tex/generic/pgf/modules/pgfmoduleplot.code.tex
File: pgfmoduleplot.code.tex 2019/04/04 v3.1.2 (3.1.2)
) (/usr/local/texlive/2019/texmf-dist/tex/latex/pgf/compatibility/pgfcomp-version-0-65.sty
Package: pgfcomp-version-0-65 2019/04/04 v3.1.2 (3.1.2)
\pgf@nodesepstart=\dimen156
\pgf@nodesepend=\dimen157
) (/usr/local/texlive/2019/texmf-dist/tex/latex/pgf/compatibility/pgfcomp-version-1-18.sty
Package: pgfcomp-version-1-18 2019/04/04 v3.1.2 (3.1.2)
)) (/usr/local/texlive/2019/texmf-dist/tex/latex/pgf/utilities/pgffor.sty (/usr/local/texlive/2019/texmf-dist/tex/latex/pgf/utilities/pgfkeys.sty (/usr/local/texlive/2019/texmf-dist/tex/generic/pgf/utilities/pgfkeys.code.tex)) (/usr/local/texlive/2019/texmf-dist/tex/latex/pgf/math/pgfmath.sty (/usr/local/texlive/2019/texmf-dist/tex/generic/pgf/math/pgfmath.code.tex)) (/usr/local/texlive/2019/texmf-dist/tex/generic/pgf/utilities/pgffor.code.tex
Package: pgffor 2019/04/04 v3.1.2 (3.1.2)
 (/usr/local/texlive/2019/texmf-dist/tex/generic/pgf/math/pgfmath.code.tex)
\pgffor@iter=\dimen158
\pgffor@skip=\dimen159
\pgffor@stack=\toks30
\pgffor@toks=\toks31
)) (/usr/local/texlive/2019/texmf-dist/tex/generic/pgf/frontendlayer/tikz/tikz.code.tex
Package: tikz 2019/04/04 v3.1.2 (3.1.2)
 (/usr/local/texlive/2019/texmf-dist/tex/generic/pgf/libraries/pgflibraryplothandlers.code.tex
File: pgflibraryplothandlers.code.tex 2019/04/04 v3.1.2 (3.1.2)
\pgf@plot@mark@count=\count127
\pgfplotmarksize=\dimen160
)
\tikz@lastx=\dimen161
\tikz@lasty=\dimen162
\tikz@lastxsaved=\dimen163
\tikz@lastysaved=\dimen164
\tikzleveldistance=\dimen165
\tikzsiblingdistance=\dimen166
\tikz@figbox=\box37
\tikz@figbox@bg=\box38
\tikz@tempbox=\box39
\tikz@tempbox@bg=\box40
\tikztreelevel=\count128
\tikznumberofchildren=\count129
\tikznumberofcurrentchild=\count130
\tikz@fig@count=\count131

(/usr/local/texlive/2019/texmf-dist/tex/generic/pgf/modules/pgfmodulematrix.code.tex
File: pgfmodulematrix.code.tex 2019/04/04 v3.1.2 (3.1.2)
\pgfmatrixcurrentrow=\count132
\pgfmatrixcurrentcolumn=\count133
\pgf@matrix@numberofcolumns=\count134
)
\tikz@expandcount=\count135
 (/usr/local/texlive/2019/texmf-dist/tex/generic/pgf/frontendlayer/tikz/libraries/tikzlibrarytopaths.code.tex
File: tikzlibrarytopaths.code.tex 2019/04/04 v3.1.2 (3.1.2)
))) (/usr/local/texlive/2019/texmf-dist/tex/generic/pgf/frontendlayer/tikz/libraries/tikzlibraryarrows.code.tex
File: tikzlibraryarrows.code.tex 2019/04/04 v3.1.2 (3.1.2)
 (/usr/local/texlive/2019/texmf-dist/tex/generic/pgf/libraries/pgflibraryarrows.code.tex
File: pgflibraryarrows.code.tex 2019/04/04 v3.1.2 (3.1.2)
\arrowsize=\dimen167
)) (/usr/local/texlive/2019/texmf-dist/tex/latex/tabu/tabu.sty
Package: tabu 2019/01/11 v2.9 - flexible LaTeX tabulars (FC+tabu-fixed)
 (/usr/local/texlive/2019/texmf-dist/tex/latex/tools/array.sty
Package: array 2018/12/30 v2.4k Tabular extension package (FMi)
\col@sep=\dimen168
\ar@mcellbox=\box41
\extrarowheight=\dimen169
\NC@list=\toks32
\extratabsurround=\skip54
\backup@length=\skip55
\ar@cellbox=\box42
) (/usr/local/texlive/2019/texmf-dist/tex/latex/varwidth/varwidth.sty
Package: varwidth 2009/03/30 ver 0.92;  Variable-width minipages
\@vwid@box=\box43
\sift@deathcycles=\count136
\@vwid@loff=\dimen170
\@vwid@roff=\dimen171
)
\c@taburow=\count137
\tabu@nbcols=\count138
\tabu@cnt=\count139
\tabu@Xcol=\count140
\tabu@alloc=\count141
\tabu@nested=\count142
\tabu@target=\dimen172
\tabu@spreadtarget=\dimen173
\tabu@naturalX=\dimen174
\tabucolX=\dimen175
\tabu@Xsum=\dimen176
\extrarowdepth=\dimen177
\abovetabulinesep=\dimen178
\belowtabulinesep=\dimen179
\tabustrutrule=\dimen180
\tabu@thebody=\toks33
\tabu@footnotes=\toks34
\tabu@box=\box44
\tabu@arstrutbox=\box45
\tabu@hleads=\box46
\tabu@vleads=\box47
\tabu@cellskip=\skip56
) (/usr/local/texlive/2019/texmf-dist/tex/latex/tools/longtable.sty
Package: longtable 2014/10/28 v4.11 Multi-page Table package (DPC)+ FMi change
\LTleft=\skip57
\LTright=\skip58
\LTpre=\skip59
\LTpost=\skip60
\LTchunksize=\count143
\LTcapwidth=\dimen181
\LT@head=\box48
\LT@firsthead=\box49
\LT@foot=\box50
\LT@lastfoot=\box51
\LT@cols=\count144
\LT@rows=\count145
\c@LT@tables=\count146
\c@LT@chunks=\count147
\LT@p@ftn=\toks35
) (/usr/local/texlive/2019/texmf-dist/tex/latex/amsfonts/amsfonts.sty
Package: amsfonts 2013/01/14 v3.01 Basic AMSFonts support
\@emptytoks=\toks36
\symAMSa=\mathgroup4
\symAMSb=\mathgroup5
LaTeX Font Info:    Overwriting math alphabet `\mathfrak' in version `bold'
(Font)                  U/euf/m/n --> U/euf/b/n on input line 106.
) (/usr/local/texlive/2019/texmf-dist/tex/latex/oberdiek/pdflscape.sty
Package: pdflscape 2016/05/14 v0.11 Display of landscape pages in PDF (HO)
 (/usr/local/texlive/2019/texmf-dist/tex/latex/graphics/lscape.sty
Package: lscape 2000/10/22 v3.01 Landscape Pages (DPC)
)
Package pdflscape Info: Auto-detected driver: pdftex on input line 81.
) (/usr/local/texlive/2019/texmf-dist/tex/latex/booktabs/booktabs.sty
Package: booktabs 2016/04/27 v1.618033 publication quality tables
\heavyrulewidth=\dimen182
\lightrulewidth=\dimen183
\cmidrulewidth=\dimen184
\belowrulesep=\dimen185
\belowbottomsep=\dimen186
\aboverulesep=\dimen187
\abovetopsep=\dimen188
\cmidrulesep=\dimen189
\cmidrulekern=\dimen190
\defaultaddspace=\dimen191
\@cmidla=\count148
\@cmidlb=\count149
\@aboverulesep=\dimen192
\@belowrulesep=\dimen193
\@thisruleclass=\count150
\@lastruleclass=\count151
\@thisrulewidth=\dimen194
) (/usr/local/texlive/2019/texmf-dist/tex/latex/caption/caption.sty
Package: caption 2018/10/06 v3.3-154 Customizing captions (AR)
 (/usr/local/texlive/2019/texmf-dist/tex/latex/caption/caption3.sty
Package: caption3 2018/09/12 v1.8c caption3 kernel (AR)
Package caption3 Info: TeX engine: e-TeX on input line 64.
\captionmargin=\dimen195
\captionmargin@=\dimen196
\captionwidth=\dimen197
\caption@tempdima=\dimen198
\caption@indent=\dimen199
\caption@parindent=\dimen256
\caption@hangindent=\dimen257
)
\c@caption@flags=\count152
\c@ContinuedFloat=\count153
Package caption Info: hyperref package is loaded.
Package caption Info: longtable package is loaded.
 (/usr/local/texlive/2019/texmf-dist/tex/latex/caption/ltcaption.sty
Package: ltcaption 2018/08/26 v1.4-95 longtable captions (AR)
)) (/usr/local/texlive/2019/texmf-dist/tex/latex/caption/subcaption.sty
Package: subcaption 2018/05/01 v1.1-162 Sub-captions (AR)
\c@subfigure=\count154
\c@subtable=\count155
) (/usr/local/texlive/2019/texmf-dist/tex/latex/ntheorem/ntheorem.sty
Style `ntheorem', Version 1.33 <2011/08/15>
Package: ntheorem 2011/08/15 1.33
(/usr/local/texlive/2019/texmf-dist/tex/latex/base/ifthen.sty
Package: ifthen 2014/09/29 v1.1c Standard LaTeX ifthen package (DPC)
)
\theorem@style=\toks37
\theorem@@style=\toks38
\theorembodyfont=\toks39
\theoremnumbering=\toks40
\theorempreskipamount=\skip61
\theorempostskipamount=\skip62
\theoremframepreskipamount=\skip63
\theoremframepostskipamount=\skip64
\theoreminframepreskipamount=\skip65
\theoreminframepostskipamount=\skip66
\theorem@preskip=\toks41
\theorem@postskip=\toks42
\theorem@framepreskip=\toks43
\theorem@framepostskip=\toks44
\theorem@inframepreskip=\toks45
\theorem@inframepostskip=\toks46
\theoremindent=\dimen258
\theorem@indent=\dimen259
\theoremrightindent=\dimen260
\theorem@rightindent=\dimen261
\theoremheaderfont=\toks47
\theoremseparator=\toks48
\theoremprework=\toks49
\theorempostwork=\toks50
\theoremsymbol=\toks51
\qedsymbol=\toks52
\theoremkeyword=\toks53
\qedsymbol=\toks54
\thm@topsep=\skip67
\thm@topsepadd=\skip68
) (/usr/local/texlive/2019/texmf-dist/tex/latex/amsmath/amsmath.sty
Package: amsmath 2018/12/01 v2.17b AMS math features
\@mathmargin=\skip69

For additional information on amsmath, use the `?' option.
(/usr/local/texlive/2019/texmf-dist/tex/latex/amsmath/amstext.sty
Package: amstext 2000/06/29 v2.01 AMS text
 (/usr/local/texlive/2019/texmf-dist/tex/latex/amsmath/amsgen.sty
File: amsgen.sty 1999/11/30 v2.0 generic functions
\@emptytoks=\toks55
\ex@=\dimen262
)) (/usr/local/texlive/2019/texmf-dist/tex/latex/amsmath/amsbsy.sty
Package: amsbsy 1999/11/29 v1.2d Bold Symbols
\pmbraise@=\dimen263
) (/usr/local/texlive/2019/texmf-dist/tex/latex/amsmath/amsopn.sty
Package: amsopn 2016/03/08 v2.02 operator names
)
\inf@bad=\count156
LaTeX Info: Redefining \frac on input line 223.
\uproot@=\count157
\leftroot@=\count158
LaTeX Info: Redefining \overline on input line 385.
\classnum@=\count159
\DOTSCASE@=\count160
LaTeX Info: Redefining \ldots on input line 482.
LaTeX Info: Redefining \dots on input line 485.
LaTeX Info: Redefining \cdots on input line 606.
\Mathstrutbox@=\box52
\strutbox@=\box53
\big@size=\dimen264
LaTeX Font Info:    Redeclaring font encoding OML on input line 729.
LaTeX Font Info:    Redeclaring font encoding OMS on input line 730.
\macc@depth=\count161
\c@MaxMatrixCols=\count162
\dotsspace@=\muskip11
\c@parentequation=\count163
\dspbrk@lvl=\count164
\tag@help=\toks56
\row@=\count165
\column@=\count166
\maxfields@=\count167
\andhelp@=\toks57
\eqnshift@=\dimen265
\alignsep@=\dimen266
\tagshift@=\dimen267
\tagwidth@=\dimen268
\totwidth@=\dimen269
\lineht@=\dimen270
\@envbody=\toks58
\multlinegap=\skip70
\multlinetaggap=\skip71
\mathdisplay@stack=\toks59
LaTeX Info: Redefining \[ on input line 2844.
LaTeX Info: Redefining \] on input line 2845.
) (/usr/local/texlive/2019/texmf-dist/tex/latex/amsfonts/amssymb.sty
Package: amssymb 2013/01/14 v3.01 AMS font symbols
) (/usr/local/texlive/2019/texmf-dist/tex/latex/tools/bm.sty
Package: bm 2017/01/16 v1.2c Bold Symbol Support (DPC/FMi)
\symboldoperators=\mathgroup6
\symboldletters=\mathgroup7
\symboldsymbols=\mathgroup8
LaTeX Font Info:    Redeclaring math alphabet \mathbf on input line 141.
LaTeX Info: Redefining \bm on input line 207.
) (/usr/local/texlive/2019/texmf-dist/tex/generic/pgf/frontendlayer/tikz/libraries/tikzlibraryshapes.code.tex
File: tikzlibraryshapes.code.tex 2019/04/04 v3.1.2 (3.1.2)
 (/usr/local/texlive/2019/texmf-dist/tex/generic/pgf/frontendlayer/tikz/libraries/tikzlibraryshapes.geometric.code.tex
File: tikzlibraryshapes.geometric.code.tex 2019/04/04 v3.1.2 (3.1.2)
 (/usr/local/texlive/2019/texmf-dist/tex/generic/pgf/libraries/shapes/pgflibraryshapes.geometric.code.tex
File: pgflibraryshapes.geometric.code.tex 2019/04/04 v3.1.2 (3.1.2)
)) (/usr/local/texlive/2019/texmf-dist/tex/generic/pgf/frontendlayer/tikz/libraries/tikzlibraryshapes.misc.code.tex
File: tikzlibraryshapes.misc.code.tex 2019/04/04 v3.1.2 (3.1.2)
 (/usr/local/texlive/2019/texmf-dist/tex/generic/pgf/libraries/shapes/pgflibraryshapes.misc.code.tex
File: pgflibraryshapes.misc.code.tex 2019/04/04 v3.1.2 (3.1.2)
)) (/usr/local/texlive/2019/texmf-dist/tex/generic/pgf/frontendlayer/tikz/libraries/tikzlibraryshapes.symbols.code.tex
File: tikzlibraryshapes.symbols.code.tex 2019/04/04 v3.1.2 (3.1.2)
 (/usr/local/texlive/2019/texmf-dist/tex/generic/pgf/libraries/shapes/pgflibraryshapes.symbols.code.tex
File: pgflibraryshapes.symbols.code.tex 2019/04/04 v3.1.2 (3.1.2)
)) (/usr/local/texlive/2019/texmf-dist/tex/generic/pgf/frontendlayer/tikz/libraries/tikzlibraryshapes.arrows.code.tex
File: tikzlibraryshapes.arrows.code.tex 2019/04/04 v3.1.2 (3.1.2)
 (/usr/local/texlive/2019/texmf-dist/tex/generic/pgf/libraries/shapes/pgflibraryshapes.arrows.code.tex
File: pgflibraryshapes.arrows.code.tex 2019/04/04 v3.1.2 (3.1.2)
)) (/usr/local/texlive/2019/texmf-dist/tex/generic/pgf/frontendlayer/tikz/libraries/tikzlibraryshapes.callouts.code.tex (/usr/local/texlive/2019/texmf-dist/tex/generic/pgf/libraries/shapes/pgflibraryshapes.callouts.code.tex)) (/usr/local/texlive/2019/texmf-dist/tex/generic/pgf/frontendlayer/tikz/libraries/tikzlibraryshapes.multipart.code.tex
File: tikzlibraryshapes.multipart.code.tex 2019/04/04 v3.1.2 (3.1.2)
 (/usr/local/texlive/2019/texmf-dist/tex/generic/pgf/libraries/shapes/pgflibraryshapes.multipart.code.tex
File: pgflibraryshapes.multipart.code.tex 2019/04/04 v3.1.2 (3.1.2)
\pgfnodepartlowerbox=\box54
\pgfnodeparttwobox=\box55
\pgfnodepartthreebox=\box56
\pgfnodepartfourbox=\box57
\pgfnodeparttwentybox=\box58
\pgfnodepartnineteenbox=\box59
\pgfnodeparteighteenbox=\box60
\pgfnodepartseventeenbox=\box61
\pgfnodepartsixteenbox=\box62
\pgfnodepartfifteenbox=\box63
\pgfnodepartfourteenbox=\box64
\pgfnodepartthirteenbox=\box65
\pgfnodeparttwelvebox=\box66
\pgfnodepartelevenbox=\box67
\pgfnodeparttenbox=\box68
\pgfnodepartninebox=\box69
\pgfnodeparteightbox=\box70
\pgfnodepartsevenbox=\box71
\pgfnodepartsixbox=\box72
\pgfnodepartfivebox=\box73
))) (/usr/local/texlive/2019/texmf-dist/tex/generic/pgf/frontendlayer/tikz/libraries/tikzlibraryshadows.code.tex
File: tikzlibraryshadows.code.tex 2019/04/04 v3.1.2 (3.1.2)
 (/usr/local/texlive/2019/texmf-dist/tex/generic/pgf/frontendlayer/tikz/libraries/tikzlibraryfadings.code.tex
File: tikzlibraryfadings.code.tex 2019/04/04 v3.1.2 (3.1.2)
(/usr/local/texlive/2019/texmf-dist/tex/generic/pgf/libraries/pgflibraryfadings.code.tex
File: pgflibraryfadings.code.tex 2019/04/04 v3.1.2 (3.1.2)
))) (/usr/local/texlive/2019/texmf-dist/tex/latex/graphics/rotating.sty
Package: rotating 2016/08/11 v2.16d rotated objects in LaTeX
\c@r@tfl@t=\count168
\rotFPtop=\skip72
\rotFPbot=\skip73
\rot@float@box=\box74
\rot@mess@toks=\toks60
) (/usr/local/texlive/2019/texmf-dist/tex/latex/multirow/multirow.sty
Package: multirow 2019/01/01 v2.4 Span multiple rows of a table
\multirow@colwidth=\skip74
\multirow@cntb=\count169
\multirow@dima=\skip75
\bigstrutjot=\dimen271
) (/usr/local/texlive/2019/texmf-dist/tex/latex/tools/calc.sty
Package: calc 2017/05/25 v4.3 Infix arithmetic (KKT,FJ)
\calc@Acount=\count170
\calc@Bcount=\count171
\calc@Adimen=\dimen272
\calc@Bdimen=\dimen273
\calc@Askip=\skip76
\calc@Bskip=\skip77
LaTeX Info: Redefining \setlength on input line 80.
LaTeX Info: Redefining \addtolength on input line 81.
\calc@Ccount=\count172
\calc@Cskip=\skip78
) (/usr/local/texlive/2019/texmf-dist/tex/latex/epigraph/epigraph.sty
Package: epigraph 2009/09/02 v1.5c typesetting epigraphs
\beforeepigraphskip=\skip79
\afterepigraphskip=\skip80
\epigraphwidth=\skip81
\epigraphrule=\skip82
) (/usr/local/texlive/2019/texmf-dist/tex/latex/siunitx/siunitx.sty (/usr/local/texlive/2019/texmf-dist/tex/latex/l3kernel/expl3.sty
Package: expl3 2019-05-07 L3 programming layer (loader) 
 (/usr/local/texlive/2019/texmf-dist/tex/latex/l3kernel/expl3-code.tex
Package: expl3 2019-05-07 L3 programming layer (code)
\c_max_int=\count173
\l_tmpa_int=\count174
\l_tmpb_int=\count175
\g_tmpa_int=\count176
\g_tmpb_int=\count177
\g__kernel_prg_map_int=\count178
\c__ior_term_ior=\count179
\c_log_iow=\count180
\l_iow_line_count_int=\count181
\l__iow_line_target_int=\count182
\l__iow_one_indent_int=\count183
\l__iow_indent_int=\count184
\c_zero_dim=\dimen274
\c_max_dim=\dimen275
\l_tmpa_dim=\dimen276
\l_tmpb_dim=\dimen277
\g_tmpa_dim=\dimen278
\g_tmpb_dim=\dimen279
\c_zero_skip=\skip83
\c_max_skip=\skip84
\l_tmpa_skip=\skip85
\l_tmpb_skip=\skip86
\g_tmpa_skip=\skip87
\g_tmpb_skip=\skip88
\c_zero_muskip=\muskip12
\c_max_muskip=\muskip13
\l_tmpa_muskip=\muskip14
\l_tmpb_muskip=\muskip15
\g_tmpa_muskip=\muskip16
\g_tmpb_muskip=\muskip17
\l_keys_choice_int=\count185
\l__intarray_loop_int=\count186
\c__intarray_sp_dim=\dimen280
\g__intarray_font_int=\count187
\c__fp_leading_shift_int=\count188
\c__fp_middle_shift_int=\count189
\c__fp_trailing_shift_int=\count190
\c__fp_big_leading_shift_int=\count191
\c__fp_big_middle_shift_int=\count192
\c__fp_big_trailing_shift_int=\count193
\c__fp_Bigg_leading_shift_int=\count194
\c__fp_Bigg_middle_shift_int=\count195
\c__fp_Bigg_trailing_shift_int=\count196
\c__kernel_randint_max_int=\count197
\g__fp_array_int=\count198
\l__fp_array_loop_int=\count199
\l__sort_length_int=\count266
\l__sort_min_int=\count267
\l__sort_top_int=\count268
\l__sort_max_int=\count269
\l__sort_true_max_int=\count270
\l__sort_block_int=\count271
\l__sort_begin_int=\count272
\l__sort_end_int=\count273
\l__sort_A_int=\count274
\l__sort_B_int=\count275
\l__sort_C_int=\count276
\l__tl_analysis_normal_int=\count277
\l__tl_analysis_index_int=\count278
\l__tl_analysis_nesting_int=\count279
\l__tl_analysis_type_int=\count280
\l__regex_internal_a_int=\count281
\l__regex_internal_b_int=\count282
\l__regex_internal_c_int=\count283
\l__regex_balance_int=\count284
\l__regex_group_level_int=\count285
\l__regex_mode_int=\count286
\c__regex_cs_in_class_mode_int=\count287
\c__regex_cs_mode_int=\count288
\l__regex_catcodes_int=\count289
\l__regex_default_catcodes_int=\count290
\c__regex_catcode_D_int=\count291
\c__regex_catcode_S_int=\count292
\c__regex_catcode_L_int=\count293
\c__regex_catcode_O_int=\count294
\c__regex_catcode_A_int=\count295
\c__regex_all_catcodes_int=\count296
\l__regex_show_lines_int=\count297
\l__regex_min_state_int=\count298
\l__regex_max_state_int=\count299
\l__regex_left_state_int=\count300
\l__regex_right_state_int=\count301
\l__regex_capturing_group_int=\count302
\l__regex_min_pos_int=\count303
\l__regex_max_pos_int=\count304
\l__regex_curr_pos_int=\count305
\l__regex_start_pos_int=\count306
\l__regex_success_pos_int=\count307
\l__regex_curr_char_int=\count308
\l__regex_curr_catcode_int=\count309
\l__regex_last_char_int=\count310
\l__regex_case_changed_char_int=\count311
\l__regex_curr_state_int=\count312
\l__regex_step_int=\count313
\l__regex_min_active_int=\count314
\l__regex_max_active_int=\count315
\l__regex_replacement_csnames_int=\count316
\l__regex_match_count_int=\count317
\l__regex_min_submatch_int=\count318
\l__regex_submatch_int=\count319
\l__regex_zeroth_submatch_int=\count320
\g__regex_trace_regex_int=\count321
\c_empty_box=\box75
\l_tmpa_box=\box76
\l_tmpb_box=\box77
\g_tmpa_box=\box78
\g_tmpb_box=\box79
\l__box_top_dim=\dimen281
\l__box_bottom_dim=\dimen282
\l__box_left_dim=\dimen283
\l__box_right_dim=\dimen284
\l__box_top_new_dim=\dimen285
\l__box_bottom_new_dim=\dimen286
\l__box_left_new_dim=\dimen287
\l__box_right_new_dim=\dimen288
\l__box_internal_box=\box80
\l__coffin_internal_box=\box81
\l__coffin_internal_dim=\dimen289
\l__coffin_offset_x_dim=\dimen290
\l__coffin_offset_y_dim=\dimen291
\l__coffin_x_dim=\dimen292
\l__coffin_y_dim=\dimen293
\l__coffin_x_prime_dim=\dimen294
\l__coffin_y_prime_dim=\dimen295
\c_empty_coffin=\box82
\l__coffin_aligned_coffin=\box83
\l__coffin_aligned_internal_coffin=\box84
\l_tmpa_coffin=\box85
\l_tmpb_coffin=\box86
\g_tmpa_coffin=\box87
\g_tmpb_coffin=\box88
\l__coffin_bounding_shift_dim=\dimen296
\l__coffin_left_corner_dim=\dimen297
\l__coffin_right_corner_dim=\dimen298
\l__coffin_bottom_corner_dim=\dimen299
\l__coffin_top_corner_dim=\dimen300
\l__coffin_scaled_total_height_dim=\dimen301
\l__coffin_scaled_width_dim=\dimen302
\c__coffin_empty_coffin=\box89
\l__coffin_display_coffin=\box90
\l__coffin_display_coord_coffin=\box91
\l__coffin_display_pole_coffin=\box92
\l__coffin_display_offset_dim=\dimen303
\l__coffin_display_x_dim=\dimen304
\l__coffin_display_y_dim=\dimen305
\g__file_internal_ior=\read2
\l__seq_internal_a_int=\count322
\l__seq_internal_b_int=\count323
\c__deprecation_minus_one=\count324
) (/usr/local/texlive/2019/texmf-dist/tex/latex/l3kernel/l3pdfmode.def
File: l3pdfmode.def 2019-04-06 v L3 Experimental driver: PDF mode
\l__driver_color_stack_int=\count325
\l__driver_pdf_tmp_box=\box93
)) (/usr/local/texlive/2019/texmf-dist/tex/latex/l3packages/xparse/xparse.sty
Package: xparse 2019-05-03 L3 Experimental document command parser
\l__xparse_current_arg_int=\count326
\g__xparse_grabber_int=\count327
\l__xparse_m_args_int=\count328
\l__xparse_v_nesting_int=\count329
)
Package: siunitx 2018/05/17 v2.7s A comprehensive (SI) units package
 (/usr/local/texlive/2019/texmf-dist/tex/latex/l3packages/l3keys2e/l3keys2e.sty
Package: l3keys2e 2019-05-03 LaTeX2e option processing using LaTeX3 keys
)
\l__siunitx_tmp_box=\box94
\l__siunitx_tmp_dim=\dimen306
\l__siunitx_tmp_int=\count330
\l__siunitx_number_mantissa_length_int=\count331
\l__siunitx_number_uncert_length_int=\count332
\l__siunitx_round_int=\count333
\l__siunitx_process_decimal_int=\count334
\l__siunitx_process_uncertainty_int=\count335
\l__siunitx_process_fixed_int=\count336
\l__siunitx_process_integer_min_int=\count337
\l__siunitx_process_precision_int=\count338
\l__siunitx_group_min_int=\count339
\l__siunitx_angle_marker_box=\box95
\l__siunitx_angle_unit_box=\box96
\l__siunitx_angle_marker_dim=\dimen307
\l__siunitx_angle_unit_dim=\dimen308
\l__siunitx_unit_int=\count340
\l__siunitx_unit_denominator_int=\count341
\l__siunitx_unit_numerator_int=\count342
\l__siunitx_unit_prefix_int=\count343
\l__siunitx_unit_prefix_base_int=\count344
\l__siunitx_unit_prefix_gram_int=\count345
\l__siunitx_number_product_int=\count346
\c__siunitx_one_fill_skip=\skip89
\l__siunitx_table_unit_align_skip=\skip90
\l__siunitx_table_exponent_dim=\dimen309
\l__siunitx_table_integer_dim=\dimen310
\l__siunitx_table_mantissa_dim=\dimen311
\l__siunitx_table_marker_dim=\dimen312
\l__siunitx_table_result_dim=\dimen313
\l__siunitx_table_uncert_dim=\dimen314
\l__siunitx_table_fill_pre_dim=\dimen315
\l__siunitx_table_fill_post_dim=\dimen316
\l__siunitx_table_fill_mid_dim=\dimen317
\l__siunitx_table_pre_box=\box97
\l__siunitx_table_post_box=\box98
\l__siunitx_table_mantissa_box=\box99
\l__siunitx_table_result_box=\box100
\l__siunitx_table_number_align_skip=\skip91
\l__siunitx_table_text_align_skip=\skip92
 (/usr/local/texlive/2019/texmf-dist/tex/latex/translator/translator.sty
Package: translator 2018/01/04 v1.12 Easy translation of strings in LaTeX
)) (/usr/local/texlive/2019/texmf-dist/tex/latex/placeins/placeins.sty
Package: placeins 2005/04/18  v 2.2
) (/usr/local/texlive/2019/texmf-dist/tex/latex/tools/multicol.sty
Package: multicol 2018/12/27 v1.8v multicolumn formatting (FMi)
\c@tracingmulticols=\count347
\mult@box=\box101
\multicol@leftmargin=\dimen318
\c@unbalance=\count348
\c@collectmore=\count349
\doublecol@number=\count350
\multicoltolerance=\count351
\multicolpretolerance=\count352
\full@width=\dimen319
\page@free=\dimen320
\premulticols=\dimen321
\postmulticols=\dimen322
\multicolsep=\skip93
\multicolbaselineskip=\skip94
\partial@page=\box102
\last@line=\box103
\maxbalancingoverflow=\dimen323
\mult@rightbox=\box104
\mult@grightbox=\box105
\mult@gfirstbox=\box106
\mult@firstbox=\box107
\@tempa=\box108
\@tempa=\box109
\@tempa=\box110
\@tempa=\box111
\@tempa=\box112
\@tempa=\box113
\@tempa=\box114
\@tempa=\box115
\@tempa=\box116
\@tempa=\box117
\@tempa=\box118
\@tempa=\box119
\@tempa=\box120
\@tempa=\box121
\@tempa=\box122
\@tempa=\box123
\@tempa=\box124
\c@columnbadness=\count353
\c@finalcolumnbadness=\count354
\last@try=\dimen324
\multicolovershoot=\dimen325
\multicolundershoot=\dimen326
\mult@nat@firstbox=\box125
\colbreak@box=\box126
\mc@col@check@num=\count355
)
Package hyperref Info: Option `pdfnewwindow' set `true' on input line 67.
Package hyperref Info: Option `colorlinks' set `false' on input line 67.
 (/usr/local/texlive/2019/texmf-dist/tex/latex/biblatex-chicago/biblatex-chicago.sty
Package: biblatex-chicago 2018/01/10 v 3.10 biblatex style
 (/usr/local/texlive/2019/texmf-dist/tex/latex/biblatex/biblatex.sty
Package: biblatex 2018/11/02 v3.12 programmable bibliographies (PK/MW)
 (/usr/local/texlive/2019/texmf-dist/tex/latex/logreq/logreq.sty
Package: logreq 2010/08/04 v1.0 xml request logger
\lrq@indent=\count356
 (/usr/local/texlive/2019/texmf-dist/tex/latex/logreq/logreq.def
File: logreq.def 2010/08/04 v1.0 logreq spec v1.0
))
\c@tabx@nest=\count357
\c@listtotal=\count358
\c@listcount=\count359
\c@liststart=\count360
\c@liststop=\count361
\c@citecount=\count362
\c@citetotal=\count363
\c@multicitecount=\count364
\c@multicitetotal=\count365
\c@instcount=\count366
\c@maxnames=\count367
\c@minnames=\count368
\c@maxitems=\count369
\c@minitems=\count370
\c@citecounter=\count371
\c@maxcitecounter=\count372
\c@savedcitecounter=\count373
\c@uniquelist=\count374
\c@uniquename=\count375
\c@refsection=\count376
\c@refsegment=\count377
\c@maxextratitle=\count378
\c@maxextratitleyear=\count379
\c@maxextraname=\count380
\c@maxextradate=\count381
\c@maxextraalpha=\count382
\c@abbrvpenalty=\count383
\c@highnamepenalty=\count384
\c@lownamepenalty=\count385
\c@maxparens=\count386
\c@parenlevel=\count387
\blx@tempcnta=\count388
\blx@tempcntb=\count389
\blx@tempcntc=\count390
\blx@maxsection=\count391
\blx@maxsegment@0=\count392
\blx@notetype=\count393
\blx@parenlevel@text=\count394
\blx@parenlevel@foot=\count395
\blx@sectionciteorder@0=\count396
\blx@entrysetcounter=\count397
\labelnumberwidth=\skip95
\labelalphawidth=\skip96
\biblabelsep=\skip97
\bibitemsep=\skip98
\bibnamesep=\skip99
\bibinitsep=\skip100
\bibparsep=\skip101
\bibhang=\skip102
\blx@bcfin=\read3
\blx@bcfout=\write4
\c@mincomprange=\count398
\c@maxcomprange=\count399
\c@mincompwidth=\count400
Package biblatex Info: Trying to load biblatex default data model...
Package biblatex Info: ... file 'blx-dm.def' found.
 (/usr/local/texlive/2019/texmf-dist/tex/latex/biblatex/blx-dm.def
File: blx-dm.def 2018/11/02 v3.12 biblatex localization (PK/MW)
)
Package biblatex Info: Trying to load biblatex style data model...
Package biblatex Info: ... file 'chicago-authordate.dbx' not found.
Package biblatex Info: Trying to load biblatex custom data model...
Package biblatex Info: ... file 'biblatex-dm.cfg' not found.
\c@afterword=\count401
\c@savedafterword=\count402
\c@annotator=\count403
\c@savedannotator=\count404
\c@author=\count405
\c@savedauthor=\count406
\c@bookauthor=\count407
\c@savedbookauthor=\count408
\c@commentator=\count409
\c@savedcommentator=\count410
\c@editor=\count411
\c@savededitor=\count412
\c@editora=\count413
\c@savededitora=\count414
\c@editorb=\count415
\c@savededitorb=\count416
\c@editorc=\count417
\c@savededitorc=\count418
\c@foreword=\count419
\c@savedforeword=\count420
\c@holder=\count421
\c@savedholder=\count422
\c@introduction=\count423
\c@savedintroduction=\count424
\c@namea=\count425
\c@savednamea=\count426
\c@nameb=\count427
\c@savednameb=\count428
\c@namec=\count429
\c@savednamec=\count430
\c@translator=\count431
\c@savedtranslator=\count432
\c@shortauthor=\count433
\c@savedshortauthor=\count434
\c@shorteditor=\count435
\c@savedshorteditor=\count436
\c@labelname=\count437
\c@savedlabelname=\count438
\c@institution=\count439
\c@savedinstitution=\count440
\c@lista=\count441
\c@savedlista=\count442
\c@listb=\count443
\c@savedlistb=\count444
\c@listc=\count445
\c@savedlistc=\count446
\c@listd=\count447
\c@savedlistd=\count448
\c@liste=\count449
\c@savedliste=\count450
\c@listf=\count451
\c@savedlistf=\count452
\c@location=\count453
\c@savedlocation=\count454
\c@organization=\count455
\c@savedorganization=\count456
\c@origlocation=\count457
\c@savedoriglocation=\count458
\c@origpublisher=\count459
\c@savedorigpublisher=\count460
\c@publisher=\count461
\c@savedpublisher=\count462
\c@language=\count463
\c@savedlanguage=\count464
\c@origlanguage=\count465
\c@savedoriglanguage=\count466
\c@pageref=\count467
\c@savedpageref=\count468
\shorthandwidth=\skip103
\shortjournalwidth=\skip104
\shortserieswidth=\skip105
\shorttitlewidth=\skip106
\shortauthorwidth=\skip107
\shorteditorwidth=\skip108
\locallabelnumberwidth=\skip109
\locallabelalphawidth=\skip110
\localshorthandwidth=\skip111
\localshortjournalwidth=\skip112
\localshortserieswidth=\skip113
\localshorttitlewidth=\skip114
\localshortauthorwidth=\skip115
\localshorteditorwidth=\skip116
Package biblatex Info: Trying to load compatibility code...
Package biblatex Info: ... file 'blx-compat.def' found.
 (/usr/local/texlive/2019/texmf-dist/tex/latex/biblatex/blx-compat.def
File: blx-compat.def 2018/11/02 v3.12 biblatex compatibility (PK/MW)
)
Package biblatex Info: Trying to load generic definitions...
Package biblatex Info: ... file 'biblatex.def' found.
 (/usr/local/texlive/2019/texmf-dist/tex/latex/biblatex/biblatex.def
File: biblatex.def 2018/11/02 v3.12 biblatex compatibility (PK/MW)
\c@textcitecount=\count469
\c@textcitetotal=\count470
\c@textcitemaxnames=\count471
\c@biburlnumpenalty=\count472
\c@biburlucpenalty=\count473
\c@biburllcpenalty=\count474
\c@smartand=\count475
)
Package biblatex Info: Trying to load natbib compatibility...
Package biblatex Info: ... file 'blx-natbib.def' found.
 (/usr/local/texlive/2019/texmf-dist/tex/latex/biblatex/blx-natbib.def
File: blx-natbib.def 2018/11/02 v3.12 biblatex compatibility (PK/MW)
Package biblatex Info: Delimiter 'nameyeardelim' in context '' already defined, overwriting.
)
Package biblatex Info: Trying to load bibliography style 'chicago-authordate'...
Package biblatex Info: ... file 'chicago-authordate.bbx' found.
 (/usr/local/texlive/2019/texmf-dist/tex/latex/biblatex-chicago/chicago-authordate.bbx
File: chicago-authordate.bbx 2018/01/11 v 3.10 biblatex bibliography style
\lositemsep=\skip117
\c@bbx:relatedcount=\count476
\c@bbx:relatedtotal=\count477
)
Package biblatex Info: Trying to load citation style 'chicago-authordate'...
Package biblatex Info: ... file 'chicago-authordate.cbx' found.
 (/usr/local/texlive/2019/texmf-dist/tex/latex/biblatex-chicago/chicago-authordate.cbx
File: chicago-authordate.cbx 2018/01/11 v 3.10 biblatex citation style
Package biblatex Info: Trying to load citation style 'chicago-dates-common'...
Package biblatex Info: ... file 'chicago-dates-common.cbx' found.
 (/usr/local/texlive/2019/texmf-dist/tex/latex/biblatex-chicago/chicago-dates-common.cbx
File: chicago-dates-common.cbx 2018/01/11 v 3.10 biblatex citation style
Package biblatex Info: Redefining '\cite'.
Package biblatex Info: Redefining '\parencite'.
Package biblatex Info: Redefining '\footcite'.
Package biblatex Info: Redefining '\footcitetext'.
Package biblatex Info: Redefining '\footfullcite'.
Package biblatex Info: Redefining '\fullcite'.
Package biblatex Info: Redefining '\textcite'.
Package biblatex Info: Redefining '\textcites'.
Package biblatex Info: Redefining '\cites'.
Package biblatex Info: Redefining '\parencites'.
Package biblatex Info: Redefining '\footcites'.
Package biblatex Info: Redefining '\footcitetexts'.
Package biblatex Info: Patching 'autolang=other' option.
))
Package biblatex Info: Trying to load configuration file...
Package biblatex Info: ... file 'biblatex.cfg' found.
 (/usr/local/texlive/2019/texmf-dist/tex/latex/biblatex/biblatex.cfg
File: biblatex.cfg 
)))
\c@hyp=\count478
\c@subhyp=\count479
Package csquotes Info: Checking for multilingual support...
Package csquotes Info: ... found 'babel' package.
Package csquotes Info: Adjusting default style.
Package csquotes Info: Redefining alias 'default' -> 'english'.
Package biblatex Info: Trying to load language 'english' -> 'cms-american'...
Package biblatex Info: ... file 'cms-american.lbx' found.
 (/usr/local/texlive/2019/texmf-dist/tex/latex/biblatex-chicago/cms-american.lbx
File: cms-american.lbx 2018/01/09 v 3.10 biblatex localization
Package biblatex Info: Trying to load language 'american'...
Package biblatex Info: ... file 'american.lbx' found.
 (/usr/local/texlive/2019/texmf-dist/tex/latex/biblatex/lbx/american.lbx
File: american.lbx 2018/11/02 v3.12 biblatex localization (PK/MW)
Package biblatex Info: Trying to load language 'english'...
Package biblatex Info: ... file 'english.lbx' found.

(/usr/local/texlive/2019/texmf-dist/tex/latex/biblatex/lbx/english.lbx
File: english.lbx 2018/11/02 v3.12 biblatex localization (PK/MW)
))
Package biblatex Info: Trying to load language 'english'...
Package biblatex Info: ... file 'english.lbx' found.
 (/usr/local/texlive/2019/texmf-dist/tex/latex/biblatex/lbx/english.lbx
File: english.lbx 2018/11/02 v3.12 biblatex localization (PK/MW)
)) (/Users/nick/Documents/Research/Projects/PACs and Small-dollar Donations/Paper/Working Paper/.texpadtmp/Jenkins - PACs and Small Donations.aux)
\openout1 = `"Jenkins - PACs and Small Donations.aux"'.

LaTeX Font Info:    Checking defaults for OML/cmm/m/it on input line 132.
LaTeX Font Info:    ... okay on input line 132.
LaTeX Font Info:    Checking defaults for T1/cmr/m/n on input line 132.
LaTeX Font Info:    ... okay on input line 132.
LaTeX Font Info:    Checking defaults for OT1/cmr/m/n on input line 132.
LaTeX Font Info:    ... okay on input line 132.
LaTeX Font Info:    Checking defaults for OMS/cmsy/m/n on input line 132.
LaTeX Font Info:    ... okay on input line 132.
LaTeX Font Info:    Checking defaults for OMX/cmex/m/n on input line 132.
LaTeX Font Info:    ... okay on input line 132.
LaTeX Font Info:    Checking defaults for U/cmr/m/n on input line 132.
LaTeX Font Info:    ... okay on input line 132.
LaTeX Font Info:    Checking defaults for PD1/pdf/m/n on input line 132.
LaTeX Font Info:    ... okay on input line 132.
\AtBeginShipoutBox=\box127
Package hyperref Info: Link coloring OFF on input line 132.
 (/usr/local/texlive/2019/texmf-dist/tex/latex/hyperref/nameref.sty
Package: nameref 2016/05/21 v2.44 Cross-referencing by name of section
 (/usr/local/texlive/2019/texmf-dist/tex/generic/oberdiek/gettitlestring.sty
Package: gettitlestring 2016/05/16 v1.5 Cleanup title references (HO)
)
\c@section@level=\count480
)
LaTeX Info: Redefining \ref on input line 132.
LaTeX Info: Redefining \pageref on input line 132.
LaTeX Info: Redefining \nameref on input line 132.

*geometry* driver: auto-detecting
*geometry* detected driver: pdftex
*geometry* verbose mode - [ preamble ] result:
* driver: pdftex
* paper: <default>
* layout: <same size as paper>
* layoutoffset:(h,v)=(0.0pt,0.0pt)
* modes: 
* h-part:(L,W,R)=(72.26999pt, 469.75502pt, 72.26999pt)
* v-part:(T,H,B)=(72.26999pt, 650.43001pt, 72.26999pt)
* \paperwidth=614.295pt
* \paperheight=794.96999pt
* \textwidth=469.75502pt
* \textheight=650.43001pt
* \oddsidemargin=0.0pt
* \evensidemargin=0.0pt
* \topmargin=-37.0pt
* \headheight=12.0pt
* \headsep=25.0pt
* \topskip=12.0pt
* \footskip=30.0pt
* \marginparwidth=44.0pt
* \marginparsep=10.0pt
* \columnsep=10.0pt
* \skip\footins=10.8pt plus 4.0pt minus 2.0pt
* \hoffset=0.0pt
* \voffset=0.0pt
* \mag=1000
* \@twocolumnfalse
* \@twosidefalse
* \@mparswitchfalse
* \@reversemarginfalse
* (1in=72.27pt=25.4mm, 1cm=28.453pt)

(/usr/local/texlive/2019/texmf-dist/tex/context/base/mkii/supp-pdf.mkii
[Loading MPS to PDF converter (version 2006.09.02).]
\scratchcounter=\count481
\scratchdimen=\dimen327
\scratchbox=\box128
\nofMPsegments=\count482
\nofMParguments=\count483
\everyMPshowfont=\toks61
\MPscratchCnt=\count484
\MPscratchDim=\dimen328
\MPnumerator=\count485
\makeMPintoPDFobject=\count486
\everyMPtoPDFconversion=\toks62
) (/usr/local/texlive/2019/texmf-dist/tex/latex/oberdiek/epstopdf-base.sty
Package: epstopdf-base 2016/05/15 v2.6 Base part for package epstopdf
 (/usr/local/texlive/2019/texmf-dist/tex/latex/oberdiek/grfext.sty
Package: grfext 2016/05/16 v1.2 Manage graphics extensions (HO)
)
Package epstopdf-base Info: Redefining graphics rule for `.eps' on input line 438.
Package grfext Info: Graphics extension search list:
(grfext)             [.pdf,.png,.jpg,.mps,.jpeg,.jbig2,.jb2,.PDF,.PNG,.JPG,.JPEG,.JBIG2,.JB2,.eps]
(grfext)             \AppendGraphicsExtensions on input line 456.
 (/usr/local/texlive/2019/texmf-dist/tex/latex/latexconfig/epstopdf-sys.cfg
File: epstopdf-sys.cfg 2010/07/13 v1.3 Configuration of (r)epstopdf for TeX Live
)) ABD: EveryShipout initializing macros
Package caption Info: Begin \AtBeginDocument code.
Package caption Info: rotating package is loaded.
Package caption Info: End \AtBeginDocument code.
Now handling font encoding TS1 ...
... processing UTF-8 mapping file for font encoding TS1
 (/usr/local/texlive/2019/texmf-dist/tex/latex/base/ts1enc.dfu
File: ts1enc.dfu 2018/10/05 v1.2f UTF-8 support for inputenc
   defining Unicode char U+00A2 (decimal 162)
   defining Unicode char U+00A3 (decimal 163)
   defining Unicode char U+00A4 (decimal 164)
   defining Unicode char U+00A5 (decimal 165)
   defining Unicode char U+00A6 (decimal 166)
   defining Unicode char U+00A7 (decimal 167)
   defining Unicode char U+00A8 (decimal 168)
   defining Unicode char U+00A9 (decimal 169)
   defining Unicode char U+00AA (decimal 170)
   defining Unicode char U+00AC (decimal 172)
   defining Unicode char U+00AE (decimal 174)
   defining Unicode char U+00AF (decimal 175)
   defining Unicode char U+00B0 (decimal 176)
   defining Unicode char U+00B1 (decimal 177)
   defining Unicode char U+00B2 (decimal 178)
   defining Unicode char U+00B3 (decimal 179)
   defining Unicode char U+00B4 (decimal 180)
   defining Unicode char U+00B5 (decimal 181)
   defining Unicode char U+00B6 (decimal 182)
   defining Unicode char U+00B7 (decimal 183)
   defining Unicode char U+00B9 (decimal 185)
   defining Unicode char U+00BA (decimal 186)
   defining Unicode char U+00BC (decimal 188)
   defining Unicode char U+00BD (decimal 189)
   defining Unicode char U+00BE (decimal 190)
   defining Unicode char U+00D7 (decimal 215)
   defining Unicode char U+00F7 (decimal 247)
   defining Unicode char U+0192 (decimal 402)
   defining Unicode char U+02C7 (decimal 711)
   defining Unicode char U+02D8 (decimal 728)
   defining Unicode char U+02DD (decimal 733)
   defining Unicode char U+0E3F (decimal 3647)
   defining Unicode char U+2016 (decimal 8214)
   defining Unicode char U+2020 (decimal 8224)
   defining Unicode char U+2021 (decimal 8225)
   defining Unicode char U+2022 (decimal 8226)
   defining Unicode char U+2030 (decimal 8240)
   defining Unicode char U+2031 (decimal 8241)
   defining Unicode char U+203B (decimal 8251)
   defining Unicode char U+203D (decimal 8253)
   defining Unicode char U+2044 (decimal 8260)
   defining Unicode char U+204E (decimal 8270)
   defining Unicode char U+2052 (decimal 8274)
   defining Unicode char U+20A1 (decimal 8353)
   defining Unicode char U+20A4 (decimal 8356)
   defining Unicode char U+20A6 (decimal 8358)
   defining Unicode char U+20A9 (decimal 8361)
   defining Unicode char U+20AB (decimal 8363)
   defining Unicode char U+20AC (decimal 8364)
   defining Unicode char U+20B1 (decimal 8369)
   defining Unicode char U+2103 (decimal 8451)
   defining Unicode char U+2116 (decimal 8470)
   defining Unicode char U+2117 (decimal 8471)
   defining Unicode char U+211E (decimal 8478)
   defining Unicode char U+2120 (decimal 8480)
   defining Unicode char U+2122 (decimal 8482)
   defining Unicode char U+2126 (decimal 8486)
   defining Unicode char U+2127 (decimal 8487)
   defining Unicode char U+212E (decimal 8494)
   defining Unicode char U+2190 (decimal 8592)
   defining Unicode char U+2191 (decimal 8593)
   defining Unicode char U+2192 (decimal 8594)
   defining Unicode char U+2193 (decimal 8595)
   defining Unicode char U+2329 (decimal 9001)
   defining Unicode char U+232A (decimal 9002)
   defining Unicode char U+2422 (decimal 9250)
   defining Unicode char U+25E6 (decimal 9702)
   defining Unicode char U+25EF (decimal 9711)
   defining Unicode char U+266A (decimal 9834)
   defining Unicode char U+FEFF (decimal 65279)
) (/usr/local/texlive/2019/texmf-dist/tex/latex/translator/translator-basic-dictionary-English.dict
Dictionary: translator-basic-dictionary, Language: English 
) (/usr/local/texlive/2019/texmf-dist/tex/latex/siunitx/siunitx-abbreviations.cfg
File: siunitx-abbreviations.cfg 2017/11/26 v2.7k siunitx: Abbreviated units
)
Package biblatex Info: Input encoding 'utf8' detected.
Package biblatex Info: Automatic encoding selection.
(biblatex)             Assuming data encoding 'utf8'.
\openout4 = `"Jenkins - PACs and Small Donations.bcf"'.

Package biblatex Info: Trying to load bibliographic data...
Package biblatex Info: ... file '"Jenkins - PACs and Small Donations".bbl' found.
 (/Users/nick/Documents/Research/Projects/PACs and Small-dollar Donations/Paper/Working Paper/.texpadtmp/Jenkins - PACs and Small Donations.bbl)
Package biblatex Info: Reference section=0 on input line 132.
Package biblatex Info: Reference segment=0 on input line 132.
LaTeX Font Info:    Try loading font information for U+msa on input line 132.
 (/usr/local/texlive/2019/texmf-dist/tex/latex/amsfonts/umsa.fd
File: umsa.fd 2013/01/14 v3.01 AMS symbols A
)
LaTeX Font Info:    Try loading font information for U+msb on input line 132.
 (/usr/local/texlive/2019/texmf-dist/tex/latex/amsfonts/umsb.fd
File: umsb.fd 2013/01/14 v3.01 AMS symbols B
)
LaTeX Font Info:    Try loading font information for OMS+cmr on input line 136.
 (/usr/local/texlive/2019/texmf-dist/tex/latex/base/omscmr.fd
File: omscmr.fd 2014/09/29 v2.5h Standard LaTeX font definitions
)
LaTeX Font Info:    Font shape `OMS/cmr/m/n' in size <10> not available
(Font)              Font shape `OMS/cmsy/m/n' tried instead on input line 136.
LaTeX Font Info:    Font shape `OMS/cmr/m/n' in size <7> not available
(Font)              Font shape `OMS/cmsy/m/n' tried instead on input line 136.
 [1

{/usr/local/texlive/2019/texmf-var/fonts/map/pdftex/updmap/pdftex.map}]

Package biblatex Warning: Name format 'first-last' deprecated.
(biblatex)                Please use 'given-family' instead.
(biblatex)                Using 'given-family' now.

pdfTeX warning (ext4): destination with the same identifier (name{page.1}) has been already used, duplicate ignored
<to be read again> 
                   \relax 
l.155 
       [1

] [2]

Package biblatex-chicago Warning: Empty Ibidem citation on input line 169.

[3]

Package biblatex-chicago Warning: Empty Ibidem citation on input line 175.

Package hyperref Info: bookmark level for unknown hyp defaults to 0 on input line 178.
[4] [5] [6] [7] [8] [9]

Package biblatex-chicago Warning: Empty Ibidem citation on input line 272.

<../../Figures/Results/pac_coef.pdf, id=173, 505.89pt x 289.08pt>
File: ../../Figures/Results/pac_coef.pdf Graphic file (type pdf)
<use ../../Figures/Results/pac_coef.pdf>
Package pdftex.def Info: ../../Figures/Results/pac_coef.pdf  used on input line 279.
(pdftex.def)             Requested size: 399.29463pt x 228.1722pt.
<../../Figures/Results/party_coef.pdf, id=176, 505.89pt x 289.08pt>
File: ../../Figures/Results/party_coef.pdf Graphic file (type pdf)
<use ../../Figures/Results/party_coef.pdf>
Package pdftex.def Info: ../../Figures/Results/party_coef.pdf  used on input line 286.
(pdftex.def)             Requested size: 399.29463pt x 228.1722pt.
<../../Figures/Results/indv_coef.pdf, id=179, 505.89pt x 289.08pt>
File: ../../Figures/Results/indv_coef.pdf Graphic file (type pdf)
<use ../../Figures/Results/indv_coef.pdf>
Package pdftex.def Info: ../../Figures/Results/indv_coef.pdf  used on input line 293.
(pdftex.def)             Requested size: 399.29463pt x 228.1722pt.
[10] [11 <../../Figures/Results/pac_coef.pdf>] [12 <../../Figures/Results/party_coef.pdf>] [13 <../../Figures/Results/indv_coef.pdf>] [14

]
Overfull \hbox (192.7769pt too wide) in paragraph at lines 309--309
[][]\OT1/cmr/m/n/12 Bonica, Adam. 2014. \  Map-ping the Ide-o-log-i-cal Mar-ket-place." []eprint: https://onlinelibrary.wiley.com/doi/pdf/10.1111/ajps.12062,
 []

[15] [16] [17] (../../Tables/pac_results_formatted.tex
Overfull \hbox (29.52783pt too wide) in paragraph at lines 40--40
[]|\OT1/cmr/m/n/12 Notes:
 []


Overfull \hbox (17.39046pt too wide) in paragraph at lines 40--40
\OT1/cmr/m/n/12 The
 []


Overfull \hbox (23.59178pt too wide) in paragraph at lines 40--40
\OT1/cmr/m/n/12 num-
 []


Overfull \hbox (13.80022pt too wide) in paragraph at lines 40--40
\OT1/cmr/m/n/12 ber
 []


Overfull \hbox (6.61974pt too wide) in paragraph at lines 40--40
\OT1/cmr/m/n/12 of
 []


Overfull \hbox (21.13765pt too wide) in paragraph at lines 40--40
\OT1/cmr/m/n/12 PAC
 []


Overfull \hbox (18.696pt too wide) in paragraph at lines 40--40
\OT1/cmr/m/n/12 con-
 []


Overfull \hbox (13.47383pt too wide) in paragraph at lines 40--40
\OT1/cmr/m/n/12 tri-
 []


Overfull \hbox (14.1266pt too wide) in paragraph at lines 40--40
\OT1/cmr/m/n/12 bu-
 []


Overfull \hbox (22.02513pt too wide) in paragraph at lines 40--40
\OT1/cmr/m/n/12 tions
 []


Overfull \hbox (5.05309pt too wide) in paragraph at lines 40--40
\OT1/cmr/m/n/12 is
 []


Overfull \hbox (10.92802pt too wide) in paragraph at lines 40--40
\OT1/cmr/m/n/12 es-
 []


Overfull \hbox (8.90443pt too wide) in paragraph at lines 40--40
\OT1/cmr/m/n/12 ti-
 []


Overfull \hbox (29.14034pt too wide) in paragraph at lines 40--40
\OT1/cmr/m/n/12 mated
 []


Overfull \hbox (12.23357pt too wide) in paragraph at lines 40--40
\OT1/cmr/m/n/12 us-
 []


Overfull \hbox (12.82106pt too wide) in paragraph at lines 40--40
\OT1/cmr/m/n/12 ing
 []


Overfull \hbox (3.0295pt too wide) in paragraph at lines 40--40
\OT1/cmr/m/n/12 a
 []


Overfull \hbox (41.62355pt too wide) in paragraph at lines 40--40
\OT1/cmr/m/n/12 Gamma-
 []


Overfull \hbox (35.63333pt too wide) in paragraph at lines 40--40
\OT1/cmr/m/n/12 Poisson
 []


Overfull \hbox (18.696pt too wide) in paragraph at lines 40--40
\OT1/cmr/m/n/12 like-
 []


Overfull \hbox (7.59889pt too wide) in paragraph at lines 40--40
\OT1/cmr/m/n/12 li-
 []


Overfull \hbox (22.61263pt too wide) in paragraph at lines 40--40
\OT1/cmr/m/n/12 hood
 []


Overfull \hbox (22.93901pt too wide) in paragraph at lines 40--40
\OT1/cmr/m/n/12 func-
 []


Overfull \hbox (17.39046pt too wide) in paragraph at lines 40--40
\OT1/cmr/m/n/12 tion
 []


Overfull \hbox (16.08492pt too wide) in paragraph at lines 40--40
\OT1/cmr/m/n/12 and
 []


Overfull \hbox (13.47383pt too wide) in paragraph at lines 40--40
\OT1/cmr/m/n/12 the
 []


Overfull \hbox (23.91817pt too wide) in paragraph at lines 40--40
\OT1/cmr/m/n/12 other
 []


Overfull \hbox (23.59178pt too wide) in paragraph at lines 40--40
\OT1/cmr/m/n/12 mod-
 []


Overfull \hbox (10.27525pt too wide) in paragraph at lines 40--40
\OT1/cmr/m/n/12 els
 []


Overfull \hbox (12.82106pt too wide) in paragraph at lines 40--40
\OT1/cmr/m/n/12 are
 []


Overfull \hbox (10.92802pt too wide) in paragraph at lines 40--40
\OT1/cmr/m/n/12 es-
 []


Overfull \hbox (8.90443pt too wide) in paragraph at lines 40--40
\OT1/cmr/m/n/12 ti-
 []


Overfull \hbox (29.14034pt too wide) in paragraph at lines 40--40
\OT1/cmr/m/n/12 mated
 []


Overfull \hbox (12.23357pt too wide) in paragraph at lines 40--40
\OT1/cmr/m/n/12 us-
 []


Overfull \hbox (12.82106pt too wide) in paragraph at lines 40--40
\OT1/cmr/m/n/12 ing
 []


Overfull \hbox (21.95985pt too wide) in paragraph at lines 40--40
\OT1/cmr/m/n/12 zero-
 []


Overfull \hbox (52.96648pt too wide) in paragraph at lines 40--40
\OT1/cmr/m/n/12 augmented
 []


Overfull \hbox (37.70692pt too wide) in paragraph at lines 40--40
\OT1/cmr/m/n/12 Gamma
 []


Overfull \hbox (18.696pt too wide) in paragraph at lines 40--40
\OT1/cmr/m/n/12 like-
 []


Overfull \hbox (7.59889pt too wide) in paragraph at lines 40--40
\OT1/cmr/m/n/12 li-
 []


Overfull \hbox (30.51115pt too wide) in paragraph at lines 40--40
\OT1/cmr/m/n/12 hoods.
 []


Overfull \hbox (25.54593pt too wide) in paragraph at lines 40--40
\OT1/cmr/m/n/12 Anal-
 []


Overfull \hbox (7.2725pt too wide) in paragraph at lines 40--40
\OT1/cmr/m/n/12 y-
 []


Overfull \hbox (11.64607pt too wide) in paragraph at lines 40--40
\OT1/cmr/m/n/12 ses
 []


Overfull \hbox (13.53911pt too wide) in paragraph at lines 40--40
\OT1/cmr/m/n/12 use
 []


Overfull \hbox (17.71684pt too wide) in paragraph at lines 40--40
\OT1/cmr/m/n/12 four
 []


Overfull \hbox (35.99026pt too wide) in paragraph at lines 40--40
\OT1/cmr/m/n/12 Markov
 []


Overfull \hbox (24.24455pt too wide) in paragraph at lines 40--40
\OT1/cmr/m/n/12 chain
 []


Overfull \hbox (29.78894pt too wide) in paragraph at lines 40--40
\OT1/cmr/m/n/12 Monte
 []


Overfull \hbox (25.22371pt too wide) in paragraph at lines 40--40
\OT1/cmr/m/n/12 Carlo
 []


Overfull \hbox (44.79851pt too wide) in paragraph at lines 40--40
\OT1/cmr/m/n/12 (MCMC)
 []


Overfull \hbox (28.87923pt too wide) in paragraph at lines 40--40
\OT1/cmr/m/n/12 chains
 []


Overfull \hbox (7.59889pt too wide) in paragraph at lines 40--40
\OT1/cmr/m/n/12 at
 []


Overfull \hbox (23.91817pt too wide) in paragraph at lines 40--40
\OT1/cmr/m/n/12 8,000
 []


Overfull \hbox (8.90443pt too wide) in paragraph at lines 40--40
\OT1/cmr/m/n/12 it-
 []


Overfull \hbox (10.86275pt too wide) in paragraph at lines 40--40
\OT1/cmr/m/n/12 er-
 []


Overfull \hbox (6.94612pt too wide) in paragraph at lines 40--40
\OT1/cmr/m/n/12 a-
 []


Overfull \hbox (22.02513pt too wide) in paragraph at lines 40--40
\OT1/cmr/m/n/12 tions
 []


Overfull \hbox (19.67516pt too wide) in paragraph at lines 40--40
\OT1/cmr/m/n/12 each
 []


Overfull \hbox (20.00154pt too wide) in paragraph at lines 40--40
\OT1/cmr/m/n/12 with
 []


Overfull \hbox (3.0295pt too wide) in paragraph at lines 40--40
\OT1/cmr/m/n/12 a
 []


Overfull \hbox (38.27913pt too wide) in paragraph at lines 40--40
\OT1/cmr/m/n/12 warmup
 []


Overfull \hbox (13.14745pt too wide) in paragraph at lines 40--40
\OT1/cmr/m/n/12 pe-
 []


Overfull \hbox (17.71684pt too wide) in paragraph at lines 40--40
\OT1/cmr/m/n/12 riod
 []


Overfull \hbox (6.61974pt too wide) in paragraph at lines 40--40
\OT1/cmr/m/n/12 of
 []


Overfull \hbox (23.91817pt too wide) in paragraph at lines 40--40
\OT1/cmr/m/n/12 4,000
 []


Overfull \hbox (21.37236pt too wide) in paragraph at lines 40--40
\OT1/cmr/m/n/12 sam-
 []


Overfull \hbox (16.80296pt too wide) in paragraph at lines 40--40
\OT1/cmr/m/n/12 ples
 []


Overfull \hbox (12.23357pt too wide) in paragraph at lines 40--40
\OT1/cmr/m/n/12 us-
 []


Overfull \hbox (12.82106pt too wide) in paragraph at lines 40--40
\OT1/cmr/m/n/12 ing
 []


Overfull \hbox (13.47383pt too wide) in paragraph at lines 40--40
\OT1/cmr/m/n/12 the
 []


Overfull \hbox (32.07364pt too wide) in paragraph at lines 40--40
\OT1/cmr/m/n/12 Hamil-
 []


Overfull \hbox (11.51552pt too wide) in paragraph at lines 40--40
\OT1/cmr/m/n/12 to-
 []


Overfull \hbox (19.34877pt too wide) in paragraph at lines 40--40
\OT1/cmr/m/n/12 nian
 []


Overfull \hbox (29.78894pt too wide) in paragraph at lines 40--40
\OT1/cmr/m/n/12 Monte
 []


Overfull \hbox (25.22371pt too wide) in paragraph at lines 40--40
\OT1/cmr/m/n/12 Carlo
 []


Overfull \hbox (10.20998pt too wide) in paragraph at lines 40--40
\OT1/cmr/m/n/12 al-
 []


Overfull \hbox (12.82106pt too wide) in paragraph at lines 40--40
\OT1/cmr/m/n/12 go-
 []


Overfull \hbox (29.14034pt too wide) in paragraph at lines 40--40
\OT1/cmr/m/n/12 rithm.
 []


Overfull \hbox (12.49051pt too wide) in paragraph at lines 40--40
\OT1/cmr/m/n/12 All
 []


Overfull \hbox (28.87923pt too wide) in paragraph at lines 40--40
\OT1/cmr/m/n/12 chains
 []


Overfull \hbox (10.86275pt too wide) in paragraph at lines 40--40
\OT1/cmr/m/n/12 in-
 []


Overfull \hbox (10.86275pt too wide) in paragraph at lines 40--40
\OT1/cmr/m/n/12 di-
 []


Overfull \hbox (18.04323pt too wide) in paragraph at lines 40--40
\OT1/cmr/m/n/12 cate
 []


Overfull \hbox (18.696pt too wide) in paragraph at lines 40--40
\OT1/cmr/m/n/12 con-
 []


Overfull \hbox (16.73769pt too wide) in paragraph at lines 40--40
\OT1/cmr/m/n/12 ver-
 []


Overfull \hbox (25.22371pt too wide) in paragraph at lines 40--40
\OT1/cmr/m/n/12 gence
 []


Overfull \hbox (20.00154pt too wide) in paragraph at lines 40--40
\OT1/cmr/m/n/12 with
 []


Overfull \hbox (12.49467pt too wide) in paragraph at lines 40--40
\OT1/cmr/m/n/12 ev-
 []


Overfull \hbox (13.14745pt too wide) in paragraph at lines 40--40
\OT1/cmr/m/n/12 ery
 []


Overfull \hbox (5.8017pt too wide) in paragraph at lines 40--40
[]\OT1/cmr/m/n/12 R
 []


Overfull \hbox (23.59178pt too wide) in paragraph at lines 40--40
\OT1/cmr/m/n/12 value
 []


Overfull \hbox (13.14745pt too wide) in paragraph at lines 40--40
\OT1/cmr/m/n/12 be-
 []


Overfull \hbox (12.82106pt too wide) in paragraph at lines 40--40
\OT1/cmr/m/n/12 ing
 []


Overfull \hbox (14.90993pt too wide) in paragraph at lines 40--40
\OT1/cmr/m/n/12 less
 []


Overfull \hbox (20.65431pt too wide) in paragraph at lines 40--40
\OT1/cmr/m/n/12 than
 []


Overfull \hbox (21.30708pt too wide) in paragraph at lines 40--40
\OT1/cmr/m/n/12 1.01.
 []


Overfull \hbox (29.13617pt too wide) in paragraph at lines 40--40
\OT1/cmr/m/n/12 Model
 []


Overfull \hbox (12.16829pt too wide) in paragraph at lines 40--40
\OT1/cmr/m/n/12 co-
 []


Overfull \hbox (9.88359pt too wide) in paragraph at lines 40--40
\OT1/cmr/m/n/12 ef-
 []


Overfull \hbox (7.59889pt too wide) in paragraph at lines 40--40
\OT1/cmr/m/n/12 fi-
 []


Overfull \hbox (26.26814pt too wide) in paragraph at lines 40--40
\OT1/cmr/m/n/12 cients
 []


Overfull \hbox (12.82106pt too wide) in paragraph at lines 40--40
\OT1/cmr/m/n/12 are
 []


Overfull \hbox (10.92802pt too wide) in paragraph at lines 40--40
\OT1/cmr/m/n/12 es-
 []


Overfull \hbox (8.90443pt too wide) in paragraph at lines 40--40
\OT1/cmr/m/n/12 ti-
 []


Overfull \hbox (29.14034pt too wide) in paragraph at lines 40--40
\OT1/cmr/m/n/12 mated
 []


Overfull \hbox (20.00154pt too wide) in paragraph at lines 40--40
\OT1/cmr/m/n/12 with
 []


Overfull \hbox (32.0778pt too wide) in paragraph at lines 40--40
\OT1/cmr/m/n/12 weakly
 []


Overfull \hbox (10.86275pt too wide) in paragraph at lines 40--40
\OT1/cmr/m/n/12 in-
 []


Overfull \hbox (15.10576pt too wide) in paragraph at lines 40--40
\OT1/cmr/m/n/12 for-
 []


Overfull \hbox (16.73769pt too wide) in paragraph at lines 40--40
\OT1/cmr/m/n/12 ma-
 []


Overfull \hbox (16.08492pt too wide) in paragraph at lines 40--40
\OT1/cmr/m/n/12 tive
 []


Overfull \hbox (15.43214pt too wide) in paragraph at lines 40--40
\OT1/cmr/m/n/12 pri-
 []


Overfull \hbox (15.49742pt too wide) in paragraph at lines 40--40
\OT1/cmr/m/n/12 ors.
 []


Overfull \hbox (1.90462pt too wide) in paragraph at lines 40--40
[]$
 []


Overfull \hbox (10.86275pt too wide) in paragraph at lines 40--40
\OT1/cmr/m/n/12 in-
 []


Overfull \hbox (10.86275pt too wide) in paragraph at lines 40--40
\OT1/cmr/m/n/12 di-
 []


Overfull \hbox (22.6779pt too wide) in paragraph at lines 40--40
\OT1/cmr/m/n/12 cates
 []


Overfull \hbox (18.696pt too wide) in paragraph at lines 40--40
\OT1/cmr/m/n/12 that
 []


Overfull \hbox (3.0295pt too wide) in paragraph at lines 40--40
\OT1/cmr/m/n/12 0
 []


Overfull \hbox (5.05309pt too wide) in paragraph at lines 40--40
\OT1/cmr/m/n/12 is
 []


Overfull \hbox (18.04323pt too wide) in paragraph at lines 40--40
\OT1/cmr/m/n/12 out-
 []


Overfull \hbox (16.80296pt too wide) in paragraph at lines 40--40
\OT1/cmr/m/n/12 side
 []


Overfull \hbox (18.696pt too wide) in paragraph at lines 40--40
\OT1/cmr/m/n/12 89%
 []


Overfull \hbox (23.2654pt too wide) in paragraph at lines 40--40
\OT1/cmr/m/n/12 high-
 []


Overfull \hbox (11.5808pt too wide) in paragraph at lines 40--40
\OT1/cmr/m/n/12 est
 []


Overfull \hbox (18.43489pt too wide) in paragraph at lines 40--40
\OT1/cmr/m/n/12 pos-
 []


Overfull \hbox (10.86275pt too wide) in paragraph at lines 40--40
\OT1/cmr/m/n/12 te-
 []


Overfull \hbox (15.43214pt too wide) in paragraph at lines 40--40
\OT1/cmr/m/n/12 rior
 []


Overfull \hbox (19.34877pt too wide) in paragraph at lines 40--40
\OT1/cmr/m/n/12 den-
 []


Overfull \hbox (15.49742pt too wide) in paragraph at lines 40--40
\OT1/cmr/m/n/12 sity
 []


Overfull \hbox (10.86275pt too wide) in paragraph at lines 40--40
\OT1/cmr/m/n/12 in-
 []


Overfull \hbox (15.43214pt too wide) in paragraph at lines 40--40
\OT1/cmr/m/n/12 ter-
 []


Overfull \hbox (15.10576pt too wide) in paragraph at lines 40--40
\OT1/cmr/m/n/12 val.| 
 []

) [18]
\tf@thm=\write5
\openout5 = `"Jenkins - PACs and Small Donations.thm"'.

Package atveryend Info: Empty hook `BeforeClearDocument' on input line 329.
Package atveryend Info: Empty hook `AfterLastShipout' on input line 329.
 (/Users/nick/Documents/Research/Projects/PACs and Small-dollar Donations/Paper/Working Paper/.texpadtmp/Jenkins - PACs and Small Donations.aux)
Package atveryend Info: Executing hook `AtVeryEndDocument' on input line 329.
Package atveryend Info: Empty hook `AtEndAfterFileList' on input line 329.
Package logreq Info: Writing requests to '"Jenkins - PACs and Small Donations".run.xml'.
\openout1 = `"Jenkins - PACs and Small Donations.run.xml"'.

Package atveryend Info: Empty hook `AtVeryVeryEnd' on input line 329.
 ) 
Here is how much of TeX's memory you used:
 43790 strings out of 492616
 874479 string characters out of 6129482
 1589565 words of memory out of 5000000
 47071 multiletter control sequences out of 15000+600000
 551529 words of font info for 96 fonts, out of 8000000 for 9000
 1141 hyphenation exceptions out of 8191
 55i,19n,79p,1623b,3911s stack positions out of 5000i,500n,10000p,200000b,80000s
</usr/local/texlive/2019/texmf-dist/fonts/type1/public/amsfonts/cm/cmbx12.pfb></usr/local/texlive/2019/texmf-dist/fonts/type1/public/amsfonts/cm/cmex10.pfb></usr/local/texlive/2019/texmf-dist/fonts/type1/public/amsfonts/cm/cmmi12.pfb></usr/local/texlive/2019/texmf-dist/fonts/type1/public/amsfonts/cm/cmmi8.pfb></usr/local/texlive/2019/texmf-dist/fonts/type1/public/amsfonts/cm/cmmib10.pfb></usr/local/texlive/2019/texmf-dist/fonts/type1/public/amsfonts/cmextra/cmmib8.pfb></usr/local/texlive/2019/texmf-dist/fonts/type1/public/amsfonts/cm/cmr10.pfb></usr/local/texlive/2019/texmf-dist/fonts/type1/public/amsfonts/cm/cmr12.pfb></usr/local/texlive/2019/texmf-dist/fonts/type1/public/amsfonts/cm/cmr8.pfb></usr/local/texlive/2019/texmf-dist/fonts/type1/public/amsfonts/cm/cmsy10.pfb></usr/local/texlive/2019/texmf-dist/fonts/type1/public/amsfonts/cm/cmsy7.pfb></usr/local/texlive/2019/texmf-dist/fonts/type1/public/amsfonts/cm/cmsy8.pfb></usr/local/texlive/2019/texmf-dist/fonts/type1/public/amsfonts/cm/cmti12.pfb></usr/local/texlive/2019/texmf-dist/fonts/type1/public/amsfonts/cm/cmtt12.pfb></usr/local/texlive/2019/texmf-dist/fonts/type1/public/amsfonts/symbols/msbm10.pfb>
Output written on "/Users/nick/Documents/Research/Projects/PACs and Small-dollar Donations/Paper/Working Paper/.texpadtmp/Jenkins - PACs and Small Donations.pdf" (19 pages, 265189 bytes).
PDF statistics:
 378 PDF objects out of 1000 (max. 8388607)
 313 compressed objects within 4 object streams
 71 named destinations out of 1000 (max. 500000)
 196 words of extra memory for PDF output out of 10000 (max. 10000000)

